[2021/02/22-16:03:21] [|>>>CzyBlogSystemAsync--->ThreadPoolTaskExecutor<<<|1] [INFO ] [net.sjw.blog.service.impl.ElasticsearchServiceImpl] : ===========================
开始检测索引存不存在
[2021/02/22-16:03:21] [|>>>CzyBlogSystemAsync--->ThreadPoolTaskExecutor<<<|1] [INFO ] [net.sjw.blog.service.impl.ElasticsearchServiceImpl] : 看到这里代表的是已经初始化好文档或是文档已经存在，准备吧第一篇文章添加或更新文章进去
[2021/02/22-16:03:21] [http-nio-9000-exec-7] [INFO ] [net.sjw.blog.service.impl.CommentServiceImpl] : comment from mysql ==> SearchPageList(currentPage=1, totalCount=1, pageSize=10, totalPage=1, hasPrevious=false, hasNext=false, records=[Comment(id=1348902782794592258, parentContentId=null, childrenCommends=[], articleId=1348403553407967234, content=<p>早日上线！！！</p>, userId=1340309806199713794, userAvatar=http://localhost:9000/portal/image/1610317865153_1348396973538934784.jpeg, userName=czy, state=1, createTime=Tue Jan 12 16:00:59 CST 2021, updateTime=Tue Jan 12 16:00:59 CST 2021)])
[2021/02/22-16:03:21] [http-nio-9000-exec-10] [INFO ] [net.sjw.blog.service.impl.ImageServiceImpl] : type ==> jpeg
[2021/02/22-16:03:21] [http-nio-9000-exec-10] [INFO ] [net.sjw.blog.service.impl.ImageServiceImpl] : get image target path ==> D:\czy_blog_system_images\2021_01_11\jpeg\1348381142444670976.jpeg
[2021/02/22-16:03:22] [http-nio-9000-exec-1] [INFO ] [net.sjw.blog.service.impl.ImageServiceImpl] : type ==> jpeg
[2021/02/22-16:03:22] [http-nio-9000-exec-1] [INFO ] [net.sjw.blog.service.impl.ImageServiceImpl] : get image target path ==> D:\czy_blog_system_images\2021_01_11\jpeg\1348396973538934784.jpeg
[2021/02/22-16:03:22] [http-nio-9000-exec-6] [INFO ] [net.sjw.blog.service.impl.ImageServiceImpl] : type ==> jpeg
[2021/02/22-16:03:22] [http-nio-9000-exec-6] [INFO ] [net.sjw.blog.service.impl.ImageServiceImpl] : get image target path ==> D:\czy_blog_system_images\2020_12_19\jpeg\1340312338556780544.jpeg
[2021/02/22-16:03:22] [http-nio-9000-exec-3] [INFO ] [net.sjw.blog.service.impl.ImageServiceImpl] : type ==> jpeg
[2021/02/22-16:03:22] [http-nio-9000-exec-2] [INFO ] [net.sjw.blog.service.impl.ImageServiceImpl] : type ==> jpeg
[2021/02/22-16:03:22] [http-nio-9000-exec-3] [INFO ] [net.sjw.blog.service.impl.ImageServiceImpl] : get image target path ==> D:\czy_blog_system_images\2021_01_11\jpeg\1348396973538934784.jpeg
[2021/02/22-16:03:22] [http-nio-9000-exec-2] [INFO ] [net.sjw.blog.service.impl.ImageServiceImpl] : get image target path ==> D:\czy_blog_system_images\2021_01_11\jpeg\1348381142444670976.jpeg
[2021/02/22-16:03:22] [http-nio-9000-exec-9] [INFO ] [net.sjw.blog.service.impl.UserServiceImpl] : 存在refreshToken 解析refreshToken
[2021/02/22-16:03:22] [http-nio-9000-exec-9] [INFO ] [net.sjw.blog.service.impl.UserServiceImpl] : 409行  createTokenKeyp_0fc80f47e6d9dd9984e1823c021bab4d
[2021/02/22-16:03:23] [http-nio-9000-exec-7] [INFO ] [net.sjw.blog.service.impl.ImageServiceImpl] : type ==> jpeg
[2021/02/22-16:03:23] [http-nio-9000-exec-7] [INFO ] [net.sjw.blog.service.impl.ImageServiceImpl] : get image target path ==> D:\czy_blog_system_images\2021_01_11\jpeg\1348396973538934784.jpeg
[2021/02/22-16:03:23] [http-nio-9000-exec-10] [INFO ] [net.sjw.blog.service.impl.ImageServiceImpl] : type ==> jpeg
[2021/02/22-16:03:23] [http-nio-9000-exec-10] [INFO ] [net.sjw.blog.service.impl.ImageServiceImpl] : get image target path ==> D:\czy_blog_system_images\2020_12_19\jpeg\1340312108130107392.jpeg
[2021/02/22-16:03:26] [|>>>CzyBlogSystemAsync--->ThreadPoolTaskExecutor<<<|1] [INFO ] [net.sjw.blog.service.impl.ElasticsearchServiceImpl] : 添加文章成功！！！czy_blog_article  ==  OK
[2021/02/22-16:24:53] [http-nio-9000-exec-5] [INFO ] [net.sjw.blog.service.impl.ArticleServiceImpl] : article from mysql ...
[2021/02/22-16:24:54] [http-nio-9000-exec-9] [INFO ] [net.sjw.blog.service.impl.UserServiceImpl] : checkUser(不为空) ==> User(id=1340309806199713794, userName=czy, password=null, roles=role_admin, avatar=http://localhost:9000/portal/image/1610317865153_1348396973538934784.jpeg, email=1183728554@qq.com, sign=试试修改签名, state=null, regIp=null, loginIp=null, createTime=null, updateTime=null)
[2021/02/22-16:24:57] [http-nio-9000-exec-8] [INFO ] [net.sjw.blog.service.impl.ImageServiceImpl] : type ==> jpeg
[2021/02/22-16:24:57] [http-nio-9000-exec-8] [INFO ] [net.sjw.blog.service.impl.ImageServiceImpl] : get image target path ==> D:\czy_blog_system_images\2021_01_11\jpeg\1348396973538934784.jpeg
[2021/02/22-16:24:57] [http-nio-9000-exec-5] [INFO ] [net.sjw.blog.service.impl.ImageServiceImpl] : type ==> jpeg
[2021/02/22-16:24:57] [http-nio-9000-exec-5] [INFO ] [net.sjw.blog.service.impl.ImageServiceImpl] : get image target path ==> D:\czy_blog_system_images\2021_01_11\jpeg\1348381142444670976.jpeg
[2021/02/22-16:24:57] [http-nio-9000-exec-9] [INFO ] [net.sjw.blog.service.impl.ImageServiceImpl] : type ==> jpeg
[2021/02/22-16:24:57] [http-nio-9000-exec-9] [INFO ] [net.sjw.blog.service.impl.ImageServiceImpl] : get image target path ==> D:\czy_blog_system_images\2020_12_19\jpeg\1340312338556780544.jpeg
[2021/02/22-16:25:16] [http-nio-9000-exec-7] [INFO ] [net.sjw.blog.service.impl.ArticleServiceImpl] : article from mysql ...
[2021/02/22-16:25:16] [http-nio-9000-exec-10] [INFO ] [net.sjw.blog.service.impl.UserServiceImpl] : checkUser token ==> null
[2021/02/22-16:25:16] [http-nio-9000-exec-5] [INFO ] [net.sjw.blog.service.impl.ImageServiceImpl] : type ==> jpeg
[2021/02/22-16:25:16] [http-nio-9000-exec-5] [INFO ] [net.sjw.blog.service.impl.ImageServiceImpl] : get image target path ==> D:\czy_blog_system_images\2021_01_11\jpeg\1348381142444670976.jpeg
[2021/02/22-16:25:16] [http-nio-9000-exec-7] [INFO ] [net.sjw.blog.service.impl.ImageServiceImpl] : type ==> jpeg
[2021/02/22-16:25:16] [http-nio-9000-exec-7] [INFO ] [net.sjw.blog.service.impl.ImageServiceImpl] : get image target path ==> D:\czy_blog_system_images\2020_12_19\jpeg\1340312338556780544.jpeg
[2021/02/22-16:25:18] [http-nio-9000-exec-10] [INFO ] [net.sjw.blog.service.impl.ImageServiceImpl] : type ==> jpeg
[2021/02/22-16:25:18] [http-nio-9000-exec-6] [INFO ] [net.sjw.blog.service.impl.ImageServiceImpl] : type ==> jpeg
[2021/02/22-16:25:18] [http-nio-9000-exec-10] [INFO ] [net.sjw.blog.service.impl.ImageServiceImpl] : get image target path ==> D:\czy_blog_system_images\2021_01_11\jpeg\1348381142444670976.jpeg
[2021/02/22-16:25:18] [http-nio-9000-exec-6] [INFO ] [net.sjw.blog.service.impl.ImageServiceImpl] : get image target path ==> D:\czy_blog_system_images\2020_12_19\jpeg\1340312338556780544.jpeg
[2021/02/22-16:25:18] [http-nio-9000-exec-2] [INFO ] [net.sjw.blog.service.impl.UserServiceImpl] : checkUser(不为空) ==> User(id=1340309806199713794, userName=czy, password=null, roles=role_admin, avatar=http://localhost:9000/portal/image/1610317865153_1348396973538934784.jpeg, email=1183728554@qq.com, sign=试试修改签名, state=null, regIp=null, loginIp=null, createTime=null, updateTime=null)
[2021/02/22-16:25:18] [http-nio-9000-exec-3] [INFO ] [net.sjw.blog.service.impl.ImageServiceImpl] : type ==> jpeg
[2021/02/22-16:25:18] [http-nio-9000-exec-3] [INFO ] [net.sjw.blog.service.impl.ImageServiceImpl] : get image target path ==> D:\czy_blog_system_images\2021_01_11\jpeg\1348396973538934784.jpeg
[2021/02/22-16:27:21] [http-nio-9000-exec-7] [INFO ] [net.sjw.blog.service.impl.ArticleServiceImpl] : article from mysql ...
[2021/02/22-16:27:21] [http-nio-9000-exec-10] [INFO ] [net.sjw.blog.service.impl.UserServiceImpl] : checkUser token ==> null
[2021/02/22-16:27:21] [http-nio-9000-exec-7] [INFO ] [net.sjw.blog.service.impl.ImageServiceImpl] : type ==> jpeg
[2021/02/22-16:27:21] [http-nio-9000-exec-5] [INFO ] [net.sjw.blog.service.impl.ImageServiceImpl] : type ==> jpeg
[2021/02/22-16:27:21] [http-nio-9000-exec-7] [INFO ] [net.sjw.blog.service.impl.ImageServiceImpl] : get image target path ==> D:\czy_blog_system_images\2020_12_19\jpeg\1340312338556780544.jpeg
[2021/02/22-16:27:21] [http-nio-9000-exec-5] [INFO ] [net.sjw.blog.service.impl.ImageServiceImpl] : get image target path ==> D:\czy_blog_system_images\2021_01_11\jpeg\1348381142444670976.jpeg
[2021/02/22-16:27:22] [http-nio-9000-exec-6] [INFO ] [net.sjw.blog.service.impl.UserServiceImpl] : checkUser(不为空) ==> User(id=1340309806199713794, userName=czy, password=null, roles=role_admin, avatar=http://localhost:9000/portal/image/1610317865153_1348396973538934784.jpeg, email=1183728554@qq.com, sign=试试修改签名, state=null, regIp=null, loginIp=null, createTime=null, updateTime=null)
[2021/02/22-16:27:22] [http-nio-9000-exec-1] [INFO ] [net.sjw.blog.service.impl.ImageServiceImpl] : type ==> jpeg
[2021/02/22-16:27:22] [http-nio-9000-exec-1] [INFO ] [net.sjw.blog.service.impl.ImageServiceImpl] : get image target path ==> D:\czy_blog_system_images\2021_01_11\jpeg\1348396973538934784.jpeg
[2021/02/22-16:28:51] [http-nio-9000-exec-9] [INFO ] [net.sjw.blog.service.impl.ArticleServiceImpl] : article from mysql ...
[2021/02/22-16:28:51] [http-nio-9000-exec-7] [INFO ] [net.sjw.blog.service.impl.UserServiceImpl] : checkUser token ==> null
[2021/02/22-16:28:52] [http-nio-9000-exec-9] [INFO ] [net.sjw.blog.service.impl.ImageServiceImpl] : type ==> jpeg
[2021/02/22-16:28:52] [http-nio-9000-exec-8] [INFO ] [net.sjw.blog.service.impl.ImageServiceImpl] : type ==> jpeg
[2021/02/22-16:28:52] [http-nio-9000-exec-8] [INFO ] [net.sjw.blog.service.impl.ImageServiceImpl] : get image target path ==> D:\czy_blog_system_images\2021_01_11\jpeg\1348381142444670976.jpeg
[2021/02/22-16:28:52] [http-nio-9000-exec-9] [INFO ] [net.sjw.blog.service.impl.ImageServiceImpl] : get image target path ==> D:\czy_blog_system_images\2020_12_19\jpeg\1340312338556780544.jpeg
[2021/02/22-16:28:53] [http-nio-9000-exec-5] [INFO ] [net.sjw.blog.service.impl.UserServiceImpl] : checkUser(不为空) ==> User(id=1340309806199713794, userName=czy, password=null, roles=role_admin, avatar=http://localhost:9000/portal/image/1610317865153_1348396973538934784.jpeg, email=1183728554@qq.com, sign=试试修改签名, state=null, regIp=null, loginIp=null, createTime=null, updateTime=null)
[2021/02/22-16:28:53] [http-nio-9000-exec-10] [INFO ] [net.sjw.blog.service.impl.ImageServiceImpl] : type ==> jpeg
[2021/02/22-16:28:53] [http-nio-9000-exec-10] [INFO ] [net.sjw.blog.service.impl.ImageServiceImpl] : get image target path ==> D:\czy_blog_system_images\2021_01_11\jpeg\1348396973538934784.jpeg
[2021/02/22-16:29:42] [http-nio-9000-exec-1] [INFO ] [net.sjw.blog.service.impl.ArticleServiceImpl] : article from mysql ...
[2021/02/22-16:29:42] [http-nio-9000-exec-4] [INFO ] [net.sjw.blog.service.impl.UserServiceImpl] : checkUser token ==> null
[2021/02/22-16:29:43] [http-nio-9000-exec-6] [INFO ] [net.sjw.blog.service.impl.ImageServiceImpl] : type ==> jpeg
[2021/02/22-16:29:43] [http-nio-9000-exec-1] [INFO ] [net.sjw.blog.service.impl.ImageServiceImpl] : type ==> jpeg
[2021/02/22-16:29:43] [http-nio-9000-exec-1] [INFO ] [net.sjw.blog.service.impl.ImageServiceImpl] : get image target path ==> D:\czy_blog_system_images\2020_12_19\jpeg\1340312338556780544.jpeg
[2021/02/22-16:29:43] [http-nio-9000-exec-6] [INFO ] [net.sjw.blog.service.impl.ImageServiceImpl] : get image target path ==> D:\czy_blog_system_images\2021_01_11\jpeg\1348381142444670976.jpeg
[2021/02/22-16:29:43] [http-nio-9000-exec-3] [INFO ] [net.sjw.blog.service.impl.UserServiceImpl] : checkUser(不为空) ==> User(id=1340309806199713794, userName=czy, password=null, roles=role_admin, avatar=http://localhost:9000/portal/image/1610317865153_1348396973538934784.jpeg, email=1183728554@qq.com, sign=试试修改签名, state=null, regIp=null, loginIp=null, createTime=null, updateTime=null)
[2021/02/22-16:29:43] [http-nio-9000-exec-2] [INFO ] [net.sjw.blog.service.impl.ImageServiceImpl] : type ==> jpeg
[2021/02/22-16:29:43] [http-nio-9000-exec-2] [INFO ] [net.sjw.blog.service.impl.ImageServiceImpl] : get image target path ==> D:\czy_blog_system_images\2021_01_11\jpeg\1348396973538934784.jpeg
[2021/02/22-16:30:49] [http-nio-9000-exec-10] [INFO ] [net.sjw.blog.service.impl.ArticleServiceImpl] : article from mysql ...
[2021/02/22-16:30:49] [http-nio-9000-exec-1] [INFO ] [net.sjw.blog.service.impl.UserServiceImpl] : checkUser token ==> null
[2021/02/22-16:30:50] [http-nio-9000-exec-5] [INFO ] [net.sjw.blog.service.impl.ImageServiceImpl] : type ==> jpeg
[2021/02/22-16:30:50] [http-nio-9000-exec-5] [INFO ] [net.sjw.blog.service.impl.ImageServiceImpl] : get image target path ==> D:\czy_blog_system_images\2021_01_11\jpeg\1348381142444670976.jpeg
[2021/02/22-16:30:50] [http-nio-9000-exec-10] [INFO ] [net.sjw.blog.service.impl.ImageServiceImpl] : type ==> jpeg
[2021/02/22-16:30:50] [http-nio-9000-exec-10] [INFO ] [net.sjw.blog.service.impl.ImageServiceImpl] : get image target path ==> D:\czy_blog_system_images\2020_12_19\jpeg\1340312338556780544.jpeg
[2021/02/22-16:30:50] [http-nio-9000-exec-6] [INFO ] [net.sjw.blog.service.impl.UserServiceImpl] : checkUser(不为空) ==> User(id=1340309806199713794, userName=czy, password=null, roles=role_admin, avatar=http://localhost:9000/portal/image/1610317865153_1348396973538934784.jpeg, email=1183728554@qq.com, sign=试试修改签名, state=null, regIp=null, loginIp=null, createTime=null, updateTime=null)
[2021/02/22-16:30:50] [http-nio-9000-exec-4] [INFO ] [net.sjw.blog.service.impl.ImageServiceImpl] : type ==> jpeg
[2021/02/22-16:30:50] [http-nio-9000-exec-4] [INFO ] [net.sjw.blog.service.impl.ImageServiceImpl] : get image target path ==> D:\czy_blog_system_images\2021_01_11\jpeg\1348396973538934784.jpeg
[2021/02/22-16:31:38] [http-nio-9000-exec-2] [INFO ] [net.sjw.blog.service.impl.ArticleServiceImpl] : article from mysql ...
[2021/02/22-16:31:38] [http-nio-9000-exec-8] [INFO ] [net.sjw.blog.service.impl.UserServiceImpl] : checkUser token ==> null
[2021/02/22-16:31:39] [http-nio-9000-exec-4] [INFO ] [net.sjw.blog.service.impl.ArticleServiceImpl] : article from mysql ...
[2021/02/22-16:31:39] [http-nio-9000-exec-2] [INFO ] [net.sjw.blog.service.impl.UserServiceImpl] : checkUser(不为空) ==> User(id=1340309806199713794, userName=czy, password=null, roles=role_admin, avatar=http://localhost:9000/portal/image/1610317865153_1348396973538934784.jpeg, email=1183728554@qq.com, sign=试试修改签名, state=null, regIp=null, loginIp=null, createTime=null, updateTime=null)
[2021/02/22-16:31:39] [http-nio-9000-exec-8] [INFO ] [net.sjw.blog.service.impl.ImageServiceImpl] : type ==> jpeg
[2021/02/22-16:31:39] [http-nio-9000-exec-7] [INFO ] [net.sjw.blog.service.impl.ImageServiceImpl] : type ==> jpeg
[2021/02/22-16:31:39] [http-nio-9000-exec-8] [INFO ] [net.sjw.blog.service.impl.ImageServiceImpl] : get image target path ==> D:\czy_blog_system_images\2021_01_11\jpeg\1348381142444670976.jpeg
[2021/02/22-16:31:39] [http-nio-9000-exec-7] [INFO ] [net.sjw.blog.service.impl.ImageServiceImpl] : get image target path ==> D:\czy_blog_system_images\2020_12_19\jpeg\1340312338556780544.jpeg
[2021/02/22-16:31:40] [http-nio-9000-exec-10] [INFO ] [net.sjw.blog.service.impl.UserServiceImpl] : checkUser(不为空) ==> User(id=1340309806199713794, userName=czy, password=null, roles=role_admin, avatar=http://localhost:9000/portal/image/1610317865153_1348396973538934784.jpeg, email=1183728554@qq.com, sign=试试修改签名, state=null, regIp=null, loginIp=null, createTime=null, updateTime=null)
[2021/02/22-16:31:40] [http-nio-9000-exec-5] [INFO ] [net.sjw.blog.service.impl.ImageServiceImpl] : type ==> jpeg
[2021/02/22-16:31:40] [http-nio-9000-exec-5] [INFO ] [net.sjw.blog.service.impl.ImageServiceImpl] : get image target path ==> D:\czy_blog_system_images\2021_01_11\jpeg\1348396973538934784.jpeg
[2021/02/22-16:35:24] [http-nio-9000-exec-2] [INFO ] [net.sjw.blog.service.impl.ArticleServiceImpl] : article from mysql ...
[2021/02/22-16:35:24] [http-nio-9000-exec-7] [INFO ] [net.sjw.blog.service.impl.UserServiceImpl] : checkUser token ==> null
[2021/02/22-16:35:25] [http-nio-9000-exec-2] [INFO ] [net.sjw.blog.service.impl.ImageServiceImpl] : type ==> jpeg
[2021/02/22-16:35:25] [http-nio-9000-exec-2] [INFO ] [net.sjw.blog.service.impl.ImageServiceImpl] : get image target path ==> D:\czy_blog_system_images\2020_12_19\jpeg\1340312338556780544.jpeg
[2021/02/22-16:35:25] [http-nio-9000-exec-3] [INFO ] [net.sjw.blog.service.impl.ImageServiceImpl] : type ==> jpeg
[2021/02/22-16:35:25] [http-nio-9000-exec-3] [INFO ] [net.sjw.blog.service.impl.ImageServiceImpl] : get image target path ==> D:\czy_blog_system_images\2021_01_11\jpeg\1348381142444670976.jpeg
[2021/02/22-16:35:25] [http-nio-9000-exec-8] [INFO ] [net.sjw.blog.service.impl.UserServiceImpl] : checkUser(不为空) ==> User(id=1340309806199713794, userName=czy, password=null, roles=role_admin, avatar=http://localhost:9000/portal/image/1610317865153_1348396973538934784.jpeg, email=1183728554@qq.com, sign=试试修改签名, state=null, regIp=null, loginIp=null, createTime=null, updateTime=null)
[2021/02/22-16:35:26] [http-nio-9000-exec-9] [INFO ] [net.sjw.blog.service.impl.ImageServiceImpl] : type ==> jpeg
[2021/02/22-16:35:26] [http-nio-9000-exec-9] [INFO ] [net.sjw.blog.service.impl.ImageServiceImpl] : get image target path ==> D:\czy_blog_system_images\2021_01_11\jpeg\1348396973538934784.jpeg
[2021/02/22-16:35:53] [http-nio-9000-exec-5] [INFO ] [net.sjw.blog.service.impl.ImageServiceImpl] : type ==> jpeg
[2021/02/22-16:35:53] [http-nio-9000-exec-5] [INFO ] [net.sjw.blog.service.impl.ImageServiceImpl] : get image target path ==> D:\czy_blog_system_images\2021_01_11\jpeg\1348396973538934784.jpeg
[2021/02/22-16:37:21] [http-nio-9000-exec-2] [INFO ] [net.sjw.blog.service.impl.ArticleServiceImpl] : article from mysql ...
[2021/02/22-16:37:22] [http-nio-9000-exec-3] [INFO ] [net.sjw.blog.service.impl.UserServiceImpl] : checkUser token ==> null
[2021/02/22-16:37:22] [http-nio-9000-exec-6] [INFO ] [net.sjw.blog.service.impl.ImageServiceImpl] : type ==> jpeg
[2021/02/22-16:37:22] [http-nio-9000-exec-6] [INFO ] [net.sjw.blog.service.impl.ImageServiceImpl] : get image target path ==> D:\czy_blog_system_images\2021_01_11\jpeg\1348396973538934784.jpeg
[2021/02/22-16:37:22] [http-nio-9000-exec-3] [INFO ] [net.sjw.blog.service.impl.ImageServiceImpl] : type ==> jpeg
[2021/02/22-16:37:22] [http-nio-9000-exec-2] [INFO ] [net.sjw.blog.service.impl.ImageServiceImpl] : type ==> jpeg
[2021/02/22-16:37:22] [http-nio-9000-exec-3] [INFO ] [net.sjw.blog.service.impl.ImageServiceImpl] : get image target path ==> D:\czy_blog_system_images\2020_12_19\jpeg\1340312338556780544.jpeg
[2021/02/22-16:37:22] [http-nio-9000-exec-2] [INFO ] [net.sjw.blog.service.impl.ImageServiceImpl] : get image target path ==> D:\czy_blog_system_images\2021_01_11\jpeg\1348381142444670976.jpeg
[2021/02/22-16:37:23] [http-nio-9000-exec-8] [INFO ] [net.sjw.blog.service.impl.UserServiceImpl] : checkUser(不为空) ==> User(id=1340309806199713794, userName=czy, password=null, roles=role_admin, avatar=http://localhost:9000/portal/image/1610317865153_1348396973538934784.jpeg, email=1183728554@qq.com, sign=试试修改签名, state=null, regIp=null, loginIp=null, createTime=null, updateTime=null)
[2021/02/22-16:37:23] [http-nio-9000-exec-9] [INFO ] [net.sjw.blog.service.impl.ImageServiceImpl] : type ==> jpeg
[2021/02/22-16:37:23] [http-nio-9000-exec-9] [INFO ] [net.sjw.blog.service.impl.ImageServiceImpl] : get image target path ==> D:\czy_blog_system_images\2021_01_11\jpeg\1348396973538934784.jpeg
[2021/02/22-16:37:23] [http-nio-9000-exec-4] [INFO ] [net.sjw.blog.service.impl.ImageServiceImpl] : type ==> jpeg
[2021/02/22-16:37:23] [http-nio-9000-exec-4] [INFO ] [net.sjw.blog.service.impl.ImageServiceImpl] : get image target path ==> D:\czy_blog_system_images\2021_01_11\jpeg\1348396973538934784.jpeg
[2021/02/22-16:37:23] [http-nio-9000-exec-1] [INFO ] [net.sjw.blog.service.impl.UserServiceImpl] : checkUser(不为空) ==> User(id=1340309806199713794, userName=czy, password=null, roles=role_admin, avatar=http://localhost:9000/portal/image/1610317865153_1348396973538934784.jpeg, email=1183728554@qq.com, sign=试试修改签名, state=null, regIp=null, loginIp=null, createTime=null, updateTime=null)
[2021/02/22-16:37:23] [http-nio-9000-exec-3] [INFO ] [net.sjw.blog.service.impl.ImageServiceImpl] : type ==> jpeg
[2021/02/22-16:37:23] [http-nio-9000-exec-3] [INFO ] [net.sjw.blog.service.impl.ImageServiceImpl] : get image target path ==> D:\czy_blog_system_images\2021_01_11\jpeg\1348396973538934784.jpeg
[2021/02/22-16:37:37] [http-nio-9000-exec-2] [INFO ] [net.sjw.blog.service.impl.ImageServiceImpl] : type ==> jpeg
[2021/02/22-16:37:37] [http-nio-9000-exec-2] [INFO ] [net.sjw.blog.service.impl.ImageServiceImpl] : get image target path ==> D:\czy_blog_system_images\2021_01_11\jpeg\1348396973538934784.jpeg
[2021/02/22-16:38:16] [http-nio-9000-exec-7] [INFO ] [net.sjw.blog.service.impl.ArticleServiceImpl] : article from mysql ...
[2021/02/22-16:38:17] [http-nio-9000-exec-8] [INFO ] [net.sjw.blog.service.impl.UserServiceImpl] : checkUser token ==> null
[2021/02/22-16:38:17] [http-nio-9000-exec-7] [INFO ] [net.sjw.blog.service.impl.ImageServiceImpl] : type ==> jpeg
[2021/02/22-16:38:17] [http-nio-9000-exec-2] [INFO ] [net.sjw.blog.service.impl.ImageServiceImpl] : type ==> jpeg
[2021/02/22-16:38:17] [http-nio-9000-exec-7] [INFO ] [net.sjw.blog.service.impl.ImageServiceImpl] : get image target path ==> D:\czy_blog_system_images\2020_12_19\jpeg\1340312338556780544.jpeg
[2021/02/22-16:38:17] [http-nio-9000-exec-2] [INFO ] [net.sjw.blog.service.impl.ImageServiceImpl] : get image target path ==> D:\czy_blog_system_images\2021_01_11\jpeg\1348381142444670976.jpeg
[2021/02/22-16:38:18] [http-nio-9000-exec-9] [INFO ] [net.sjw.blog.service.impl.UserServiceImpl] : checkUser(不为空) ==> User(id=1340309806199713794, userName=czy, password=null, roles=role_admin, avatar=http://localhost:9000/portal/image/1610317865153_1348396973538934784.jpeg, email=1183728554@qq.com, sign=试试修改签名, state=null, regIp=null, loginIp=null, createTime=null, updateTime=null)
[2021/02/22-16:38:18] [http-nio-9000-exec-10] [INFO ] [net.sjw.blog.service.impl.ImageServiceImpl] : type ==> jpeg
[2021/02/22-16:38:18] [http-nio-9000-exec-10] [INFO ] [net.sjw.blog.service.impl.ImageServiceImpl] : get image target path ==> D:\czy_blog_system_images\2021_01_11\jpeg\1348396973538934784.jpeg
[2021/02/22-16:38:19] [http-nio-9000-exec-4] [INFO ] [net.sjw.blog.service.impl.ImageServiceImpl] : type ==> jpeg
[2021/02/22-16:38:19] [http-nio-9000-exec-4] [INFO ] [net.sjw.blog.service.impl.ImageServiceImpl] : get image target path ==> D:\czy_blog_system_images\2021_01_11\jpeg\1348396973538934784.jpeg
[2021/02/22-16:39:05] [http-nio-9000-exec-1] [INFO ] [net.sjw.blog.service.impl.ArticleServiceImpl] : article from mysql ...
[2021/02/22-16:39:06] [http-nio-9000-exec-6] [INFO ] [net.sjw.blog.service.impl.UserServiceImpl] : checkUser token ==> null
[2021/02/22-16:39:06] [http-nio-9000-exec-1] [INFO ] [net.sjw.blog.service.impl.ImageServiceImpl] : type ==> jpeg
[2021/02/22-16:39:06] [http-nio-9000-exec-4] [INFO ] [net.sjw.blog.service.impl.ImageServiceImpl] : type ==> jpeg
[2021/02/22-16:39:06] [http-nio-9000-exec-4] [INFO ] [net.sjw.blog.service.impl.ImageServiceImpl] : get image target path ==> D:\czy_blog_system_images\2021_01_11\jpeg\1348381142444670976.jpeg
[2021/02/22-16:39:06] [http-nio-9000-exec-1] [INFO ] [net.sjw.blog.service.impl.ImageServiceImpl] : get image target path ==> D:\czy_blog_system_images\2020_12_19\jpeg\1340312338556780544.jpeg
[2021/02/22-16:39:07] [http-nio-9000-exec-3] [INFO ] [net.sjw.blog.service.impl.UserServiceImpl] : checkUser(不为空) ==> User(id=1340309806199713794, userName=czy, password=null, roles=role_admin, avatar=http://localhost:9000/portal/image/1610317865153_1348396973538934784.jpeg, email=1183728554@qq.com, sign=试试修改签名, state=null, regIp=null, loginIp=null, createTime=null, updateTime=null)
[2021/02/22-16:39:07] [http-nio-9000-exec-2] [INFO ] [net.sjw.blog.service.impl.ImageServiceImpl] : type ==> jpeg
[2021/02/22-16:39:07] [http-nio-9000-exec-2] [INFO ] [net.sjw.blog.service.impl.ImageServiceImpl] : get image target path ==> D:\czy_blog_system_images\2021_01_11\jpeg\1348396973538934784.jpeg
[2021/02/22-16:39:09] [http-nio-9000-exec-8] [INFO ] [net.sjw.blog.service.impl.ImageServiceImpl] : type ==> jpeg
[2021/02/22-16:39:09] [http-nio-9000-exec-8] [INFO ] [net.sjw.blog.service.impl.ImageServiceImpl] : get image target path ==> D:\czy_blog_system_images\2021_01_11\jpeg\1348396973538934784.jpeg
[2021/02/22-16:39:30] [http-nio-9000-exec-9] [INFO ] [net.sjw.blog.service.impl.ArticleServiceImpl] : article from mysql ...
[2021/02/22-16:39:30] [http-nio-9000-exec-10] [INFO ] [net.sjw.blog.service.impl.UserServiceImpl] : checkUser token ==> null
[2021/02/22-16:39:31] [http-nio-9000-exec-8] [INFO ] [net.sjw.blog.service.impl.ImageServiceImpl] : type ==> jpeg
[2021/02/22-16:39:31] [http-nio-9000-exec-9] [INFO ] [net.sjw.blog.service.impl.ImageServiceImpl] : type ==> jpeg
[2021/02/22-16:39:31] [http-nio-9000-exec-9] [INFO ] [net.sjw.blog.service.impl.ImageServiceImpl] : get image target path ==> D:\czy_blog_system_images\2020_12_19\jpeg\1340312338556780544.jpeg
[2021/02/22-16:39:31] [http-nio-9000-exec-8] [INFO ] [net.sjw.blog.service.impl.ImageServiceImpl] : get image target path ==> D:\czy_blog_system_images\2021_01_11\jpeg\1348381142444670976.jpeg
[2021/02/22-16:39:31] [http-nio-9000-exec-5] [INFO ] [net.sjw.blog.service.impl.UserServiceImpl] : checkUser(不为空) ==> User(id=1340309806199713794, userName=czy, password=null, roles=role_admin, avatar=http://localhost:9000/portal/image/1610317865153_1348396973538934784.jpeg, email=1183728554@qq.com, sign=试试修改签名, state=null, regIp=null, loginIp=null, createTime=null, updateTime=null)
[2021/02/22-16:39:31] [http-nio-9000-exec-1] [INFO ] [net.sjw.blog.service.impl.ImageServiceImpl] : type ==> jpeg
[2021/02/22-16:39:31] [http-nio-9000-exec-1] [INFO ] [net.sjw.blog.service.impl.ImageServiceImpl] : get image target path ==> D:\czy_blog_system_images\2021_01_11\jpeg\1348396973538934784.jpeg
[2021/02/22-16:39:33] [http-nio-9000-exec-6] [INFO ] [net.sjw.blog.service.impl.ImageServiceImpl] : type ==> jpeg
[2021/02/22-16:39:33] [http-nio-9000-exec-6] [INFO ] [net.sjw.blog.service.impl.ImageServiceImpl] : get image target path ==> D:\czy_blog_system_images\2021_01_11\jpeg\1348396973538934784.jpeg
[2021/02/22-16:40:08] [http-nio-9000-exec-3] [INFO ] [net.sjw.blog.service.impl.ArticleServiceImpl] : article from mysql ...
[2021/02/22-16:40:08] [http-nio-9000-exec-2] [INFO ] [net.sjw.blog.service.impl.UserServiceImpl] : checkUser token ==> null
[2021/02/22-16:40:09] [http-nio-9000-exec-6] [INFO ] [net.sjw.blog.service.impl.ImageServiceImpl] : type ==> jpeg
[2021/02/22-16:40:09] [http-nio-9000-exec-3] [INFO ] [net.sjw.blog.service.impl.ImageServiceImpl] : type ==> jpeg
[2021/02/22-16:40:09] [http-nio-9000-exec-6] [INFO ] [net.sjw.blog.service.impl.ImageServiceImpl] : get image target path ==> D:\czy_blog_system_images\2021_01_11\jpeg\1348381142444670976.jpeg
[2021/02/22-16:40:09] [http-nio-9000-exec-3] [INFO ] [net.sjw.blog.service.impl.ImageServiceImpl] : get image target path ==> D:\czy_blog_system_images\2020_12_19\jpeg\1340312338556780544.jpeg
[2021/02/22-16:40:09] [http-nio-9000-exec-7] [INFO ] [net.sjw.blog.service.impl.UserServiceImpl] : checkUser(不为空) ==> User(id=1340309806199713794, userName=czy, password=null, roles=role_admin, avatar=http://localhost:9000/portal/image/1610317865153_1348396973538934784.jpeg, email=1183728554@qq.com, sign=试试修改签名, state=null, regIp=null, loginIp=null, createTime=null, updateTime=null)
[2021/02/22-16:40:09] [http-nio-9000-exec-9] [INFO ] [net.sjw.blog.service.impl.ImageServiceImpl] : type ==> jpeg
[2021/02/22-16:40:09] [http-nio-9000-exec-9] [INFO ] [net.sjw.blog.service.impl.ImageServiceImpl] : get image target path ==> D:\czy_blog_system_images\2021_01_11\jpeg\1348396973538934784.jpeg
[2021/02/22-16:40:11] [http-nio-9000-exec-10] [INFO ] [net.sjw.blog.service.impl.ImageServiceImpl] : type ==> jpeg
[2021/02/22-16:40:11] [http-nio-9000-exec-10] [INFO ] [net.sjw.blog.service.impl.ImageServiceImpl] : get image target path ==> D:\czy_blog_system_images\2021_01_11\jpeg\1348396973538934784.jpeg
[2021/02/22-16:41:34] [|>>>CzyBlogSystemAsync--->ThreadPoolTaskExecutor<<<|2] [INFO ] [net.sjw.blog.service.impl.ElasticsearchServiceImpl] : ===========================
开始检测索引存不存在
[2021/02/22-16:41:35] [http-nio-9000-exec-7] [INFO ] [net.sjw.blog.service.impl.CommentServiceImpl] : comment from mysql ==> SearchPageList(currentPage=1, totalCount=1, pageSize=10, totalPage=1, hasPrevious=false, hasNext=false, records=[Comment(id=1348902782794592258, parentContentId=null, childrenCommends=[], articleId=1348403553407967234, content=<p>早日上线！！！</p>, userId=1340309806199713794, userAvatar=http://localhost:9000/portal/image/1610317865153_1348396973538934784.jpeg, userName=czy, state=1, createTime=Tue Jan 12 16:00:59 CST 2021, updateTime=Tue Jan 12 16:00:59 CST 2021)])
[2021/02/22-16:41:35] [http-nio-9000-exec-9] [INFO ] [net.sjw.blog.service.impl.ImageServiceImpl] : type ==> jpeg
[2021/02/22-16:41:35] [http-nio-9000-exec-9] [INFO ] [net.sjw.blog.service.impl.ImageServiceImpl] : get image target path ==> D:\czy_blog_system_images\2021_01_11\jpeg\1348381142444670976.jpeg
[2021/02/22-16:41:35] [http-nio-9000-exec-8] [INFO ] [net.sjw.blog.service.impl.ImageServiceImpl] : type ==> jpeg
[2021/02/22-16:41:35] [http-nio-9000-exec-8] [INFO ] [net.sjw.blog.service.impl.ImageServiceImpl] : get image target path ==> D:\czy_blog_system_images\2021_01_11\jpeg\1348396973538934784.jpeg
[2021/02/22-16:41:35] [http-nio-9000-exec-10] [INFO ] [net.sjw.blog.service.impl.ImageServiceImpl] : type ==> jpeg
[2021/02/22-16:41:35] [http-nio-9000-exec-10] [INFO ] [net.sjw.blog.service.impl.ImageServiceImpl] : get image target path ==> D:\czy_blog_system_images\2020_12_19\jpeg\1340312338556780544.jpeg
[2021/02/22-16:41:35] [http-nio-9000-exec-5] [INFO ] [net.sjw.blog.service.impl.ImageServiceImpl] : type ==> jpeg
[2021/02/22-16:41:35] [http-nio-9000-exec-5] [INFO ] [net.sjw.blog.service.impl.ImageServiceImpl] : get image target path ==> D:\czy_blog_system_images\2021_01_11\jpeg\1348381142444670976.jpeg
[2021/02/22-16:41:35] [http-nio-9000-exec-1] [INFO ] [net.sjw.blog.service.impl.ImageServiceImpl] : type ==> jpeg
[2021/02/22-16:41:35] [http-nio-9000-exec-1] [INFO ] [net.sjw.blog.service.impl.ImageServiceImpl] : get image target path ==> D:\czy_blog_system_images\2021_01_11\jpeg\1348396973538934784.jpeg
[2021/02/22-16:41:36] [http-nio-9000-exec-3] [INFO ] [net.sjw.blog.service.impl.UserServiceImpl] : checkUser(不为空) ==> User(id=1340309806199713794, userName=czy, password=null, roles=role_admin, avatar=http://localhost:9000/portal/image/1610317865153_1348396973538934784.jpeg, email=1183728554@qq.com, sign=试试修改签名, state=null, regIp=null, loginIp=null, createTime=null, updateTime=null)
[2021/02/22-16:41:36] [http-nio-9000-exec-7] [INFO ] [net.sjw.blog.service.impl.ImageServiceImpl] : type ==> jpeg
[2021/02/22-16:41:36] [http-nio-9000-exec-7] [INFO ] [net.sjw.blog.service.impl.ImageServiceImpl] : get image target path ==> D:\czy_blog_system_images\2021_01_11\jpeg\1348396973538934784.jpeg
[2021/02/22-16:41:36] [http-nio-9000-exec-8] [INFO ] [net.sjw.blog.service.impl.ImageServiceImpl] : type ==> jpeg
[2021/02/22-16:41:36] [http-nio-9000-exec-8] [INFO ] [net.sjw.blog.service.impl.ImageServiceImpl] : get image target path ==> D:\czy_blog_system_images\2020_12_19\jpeg\1340312108130107392.jpeg
[2021/02/22-16:41:40] [|>>>CzyBlogSystemAsync--->ThreadPoolTaskExecutor<<<|2] [INFO ] [net.sjw.blog.service.impl.ElasticsearchServiceImpl] : 看到这里代表的是已经初始化好文档或是文档已经存在，准备吧第一篇文章添加或更新文章进去
[2021/02/22-16:41:40] [|>>>CzyBlogSystemAsync--->ThreadPoolTaskExecutor<<<|2] [INFO ] [net.sjw.blog.service.impl.ElasticsearchServiceImpl] : 添加文章成功！！！czy_blog_article  ==  OK
[2021/02/22-16:42:05] [http-nio-9000-exec-5] [INFO ] [net.sjw.blog.service.impl.CommentServiceImpl] : comment from mysql ==> SearchPageList(currentPage=1, totalCount=1, pageSize=10, totalPage=1, hasPrevious=false, hasNext=false, records=[Comment(id=1348902782794592258, parentContentId=null, childrenCommends=[], articleId=1348403553407967234, content=<p>早日上线！！！</p>, userId=1340309806199713794, userAvatar=http://localhost:9000/portal/image/1610317865153_1348396973538934784.jpeg, userName=czy, state=1, createTime=Tue Jan 12 16:00:59 CST 2021, updateTime=Tue Jan 12 16:00:59 CST 2021)])
[2021/02/22-16:42:07] [http-nio-9000-exec-4] [INFO ] [net.sjw.blog.service.impl.ImageServiceImpl] : type ==> jpeg
[2021/02/22-16:42:07] [http-nio-9000-exec-4] [INFO ] [net.sjw.blog.service.impl.ImageServiceImpl] : get image target path ==> D:\czy_blog_system_images\2021_01_11\jpeg\1348381142444670976.jpeg
[2021/02/22-16:42:07] [http-nio-9000-exec-3] [INFO ] [net.sjw.blog.service.impl.ImageServiceImpl] : type ==> jpeg
[2021/02/22-16:42:07] [http-nio-9000-exec-3] [INFO ] [net.sjw.blog.service.impl.ImageServiceImpl] : get image target path ==> D:\czy_blog_system_images\2021_01_11\jpeg\1348396973538934784.jpeg
[2021/02/22-16:42:07] [http-nio-9000-exec-6] [INFO ] [net.sjw.blog.service.impl.ImageServiceImpl] : type ==> jpeg
[2021/02/22-16:42:07] [http-nio-9000-exec-6] [INFO ] [net.sjw.blog.service.impl.ImageServiceImpl] : get image target path ==> D:\czy_blog_system_images\2020_12_19\jpeg\1340312338556780544.jpeg
[2021/02/22-16:42:07] [http-nio-9000-exec-2] [INFO ] [net.sjw.blog.service.impl.ImageServiceImpl] : type ==> jpeg
[2021/02/22-16:42:07] [http-nio-9000-exec-2] [INFO ] [net.sjw.blog.service.impl.ImageServiceImpl] : get image target path ==> D:\czy_blog_system_images\2021_01_11\jpeg\1348381142444670976.jpeg
[2021/02/22-16:42:07] [http-nio-9000-exec-9] [INFO ] [net.sjw.blog.service.impl.UserServiceImpl] : checkUser(不为空) ==> User(id=1340309806199713794, userName=czy, password=null, roles=role_admin, avatar=http://localhost:9000/portal/image/1610317865153_1348396973538934784.jpeg, email=1183728554@qq.com, sign=试试修改签名, state=null, regIp=null, loginIp=null, createTime=null, updateTime=null)
[2021/02/22-16:42:08] [http-nio-9000-exec-1] [INFO ] [net.sjw.blog.service.impl.ImageServiceImpl] : type ==> jpeg
[2021/02/22-16:42:08] [http-nio-9000-exec-1] [INFO ] [net.sjw.blog.service.impl.ImageServiceImpl] : get image target path ==> D:\czy_blog_system_images\2021_01_11\jpeg\1348396973538934784.jpeg
[2021/02/22-16:42:08] [http-nio-9000-exec-5] [INFO ] [net.sjw.blog.service.impl.ImageServiceImpl] : type ==> jpeg
[2021/02/22-16:42:08] [http-nio-9000-exec-5] [INFO ] [net.sjw.blog.service.impl.ImageServiceImpl] : get image target path ==> D:\czy_blog_system_images\2020_12_19\jpeg\1340312108130107392.jpeg
[2021/02/22-16:42:16] [http-nio-9000-exec-4] [INFO ] [net.sjw.blog.service.impl.ImageServiceImpl] : type ==> jpeg
[2021/02/22-16:42:16] [http-nio-9000-exec-4] [INFO ] [net.sjw.blog.service.impl.ImageServiceImpl] : get image target path ==> D:\czy_blog_system_images\2020_12_19\jpeg\1340312338556780544.jpeg
[2021/02/22-16:42:16] [http-nio-9000-exec-6] [INFO ] [net.sjw.blog.service.impl.ImageServiceImpl] : type ==> jpeg
[2021/02/22-16:42:16] [http-nio-9000-exec-6] [INFO ] [net.sjw.blog.service.impl.ImageServiceImpl] : get image target path ==> D:\czy_blog_system_images\2021_01_11\jpeg\1348381142444670976.jpeg
[2021/02/22-16:42:53] [http-nio-9000-exec-7] [INFO ] [net.sjw.blog.service.impl.ImageServiceImpl] : type ==> jpeg
[2021/02/22-16:42:53] [http-nio-9000-exec-7] [INFO ] [net.sjw.blog.service.impl.ImageServiceImpl] : get image target path ==> D:\czy_blog_system_images\2021_01_11\jpeg\1348396973538934784.jpeg
[2021/02/22-16:42:54] [http-nio-9000-exec-8] [INFO ] [net.sjw.blog.service.impl.ImageServiceImpl] : type ==> jpeg
[2021/02/22-16:42:54] [http-nio-9000-exec-8] [INFO ] [net.sjw.blog.service.impl.ImageServiceImpl] : get image target path ==> D:\czy_blog_system_images\2021_01_11\jpeg\1348396973538934784.jpeg
[2021/02/22-16:42:54] [http-nio-9000-exec-10] [INFO ] [net.sjw.blog.service.impl.UserServiceImpl] : checkUser(不为空) ==> User(id=1340309806199713794, userName=czy, password=null, roles=role_admin, avatar=http://localhost:9000/portal/image/1610317865153_1348396973538934784.jpeg, email=1183728554@qq.com, sign=试试修改签名, state=null, regIp=null, loginIp=null, createTime=null, updateTime=null)
[2021/02/22-16:42:54] [http-nio-9000-exec-5] [INFO ] [net.sjw.blog.service.impl.ImageServiceImpl] : type ==> jpeg
[2021/02/22-16:42:54] [http-nio-9000-exec-5] [INFO ] [net.sjw.blog.service.impl.ImageServiceImpl] : get image target path ==> D:\czy_blog_system_images\2021_01_11\jpeg\1348396973538934784.jpeg
[2021/02/22-16:43:42] [http-nio-9000-exec-2] [INFO ] [net.sjw.blog.service.impl.UserServiceImpl] : checkUser(不为空) ==> User(id=1340309806199713794, userName=czy, password=null, roles=role_admin, avatar=http://localhost:9000/portal/image/1610317865153_1348396973538934784.jpeg, email=1183728554@qq.com, sign=试试修改签名, state=null, regIp=null, loginIp=null, createTime=null, updateTime=null)
[2021/02/22-16:43:42] [http-nio-9000-exec-7] [INFO ] [net.sjw.blog.service.impl.CommentServiceImpl] : comment from mysql ==> SearchPageList(currentPage=1, totalCount=4, pageSize=10, totalPage=1, hasPrevious=false, hasNext=false, records=[Comment(id=1348567472923582465, parentContentId=null, childrenCommends=[], articleId=163, content=<p>sdjnvjksd</p>, userId=1340309806199713794, userAvatar=http://localhost:9000/portal/image/1610317865153_1348396973538934784.jpeg, userName=czy, state=1, createTime=Mon Jan 11 17:48:35 CST 2021, updateTime=Mon Jan 11 17:48:35 CST 2021), Comment(id=1348561527636074497, parentContentId=null, childrenCommends=[Comment(id=1348561596644958209, parentContentId=1348561527636074497, childrenCommends=[Comment(id=1348567517198655489, parentContentId=1348561596644958209, childrenCommends=[], articleId=163, content=asdasd, userId=1340309806199713794, userAvatar=http://localhost:9000/portal/image/1610317865153_1348396973538934784.jpeg, userName=czy, state=1, createTime=Mon Jan 11 17:48:46 CST 2021, updateTime=Mon Jan 11 17:48:46 CST 2021)], articleId=163, content=qwe, userId=1340309806199713794, userAvatar=http://localhost:9000/portal/image/1610317865153_1348396973538934784.jpeg, userName=czy, state=1, createTime=Mon Jan 11 17:25:14 CST 2021, updateTime=Mon Jan 11 17:25:14 CST 2021), Comment(id=1348567565764501505, parentContentId=1348561527636074497, childrenCommends=[], articleId=163, content=asdasd, userId=1340309806199713794, userAvatar=http://localhost:9000/portal/image/1610317865153_1348396973538934784.jpeg, userName=czy, state=1, createTime=Mon Jan 11 17:48:58 CST 2021, updateTime=Mon Jan 11 17:48:58 CST 2021)], articleId=163, content=<p>qwe</p>, userId=1340309806199713794, userAvatar=http://localhost:9000/portal/image/1610317865153_1348396973538934784.jpeg, userName=czy, state=1, createTime=Mon Jan 11 17:24:58 CST 2021, updateTime=Mon Jan 11 17:24:58 CST 2021), Comment(id=1348560701576290305, parentContentId=null, childrenCommends=[], articleId=163, content=<p>2</p>, userId=1340309806199713794, userAvatar=http://localhost:9000/portal/image/1610317865153_1348396973538934784.jpeg, userName=czy, state=1, createTime=Mon Jan 11 17:21:41 CST 2021, updateTime=Mon Jan 11 17:21:41 CST 2021), Comment(id=1348540481897865218, parentContentId=null, childrenCommends=[], articleId=163, content=<p>测试友链加的评论模块功能1</p>, userId=1340309806199713794, userAvatar=http://localhost:9000/portal/image/1610317865153_1348396973538934784.jpeg, userName=czy, state=1, createTime=Mon Jan 11 16:01:20 CST 2021, updateTime=Mon Jan 11 16:01:20 CST 2021)])
[2021/02/22-16:43:43] [http-nio-9000-exec-8] [INFO ] [net.sjw.blog.service.impl.ImageServiceImpl] : type ==> jpeg
[2021/02/22-16:43:43] [http-nio-9000-exec-8] [INFO ] [net.sjw.blog.service.impl.ImageServiceImpl] : get image target path ==> D:\czy_blog_system_images\2021_01_11\jpeg\1348396973538934784.jpeg
[2021/02/22-16:43:47] [http-nio-9000-exec-9] [INFO ] [net.sjw.blog.service.impl.UserServiceImpl] : checkUser token ==> null
[2021/02/22-16:43:47] [http-nio-9000-exec-1] [INFO ] [net.sjw.blog.service.impl.CommentServiceImpl] : comment from mysql ==> SearchPageList(currentPage=1, totalCount=4, pageSize=10, totalPage=1, hasPrevious=false, hasNext=false, records=[Comment(id=1348567472923582465, parentContentId=null, childrenCommends=[], articleId=163, content=<p>sdjnvjksd</p>, userId=1340309806199713794, userAvatar=http://localhost:9000/portal/image/1610317865153_1348396973538934784.jpeg, userName=czy, state=1, createTime=Mon Jan 11 17:48:35 CST 2021, updateTime=Mon Jan 11 17:48:35 CST 2021), Comment(id=1348561527636074497, parentContentId=null, childrenCommends=[Comment(id=1348561596644958209, parentContentId=1348561527636074497, childrenCommends=[Comment(id=1348567517198655489, parentContentId=1348561596644958209, childrenCommends=[], articleId=163, content=asdasd, userId=1340309806199713794, userAvatar=http://localhost:9000/portal/image/1610317865153_1348396973538934784.jpeg, userName=czy, state=1, createTime=Mon Jan 11 17:48:46 CST 2021, updateTime=Mon Jan 11 17:48:46 CST 2021)], articleId=163, content=qwe, userId=1340309806199713794, userAvatar=http://localhost:9000/portal/image/1610317865153_1348396973538934784.jpeg, userName=czy, state=1, createTime=Mon Jan 11 17:25:14 CST 2021, updateTime=Mon Jan 11 17:25:14 CST 2021), Comment(id=1348567565764501505, parentContentId=1348561527636074497, childrenCommends=[], articleId=163, content=asdasd, userId=1340309806199713794, userAvatar=http://localhost:9000/portal/image/1610317865153_1348396973538934784.jpeg, userName=czy, state=1, createTime=Mon Jan 11 17:48:58 CST 2021, updateTime=Mon Jan 11 17:48:58 CST 2021)], articleId=163, content=<p>qwe</p>, userId=1340309806199713794, userAvatar=http://localhost:9000/portal/image/1610317865153_1348396973538934784.jpeg, userName=czy, state=1, createTime=Mon Jan 11 17:24:58 CST 2021, updateTime=Mon Jan 11 17:24:58 CST 2021), Comment(id=1348560701576290305, parentContentId=null, childrenCommends=[], articleId=163, content=<p>2</p>, userId=1340309806199713794, userAvatar=http://localhost:9000/portal/image/1610317865153_1348396973538934784.jpeg, userName=czy, state=1, createTime=Mon Jan 11 17:21:41 CST 2021, updateTime=Mon Jan 11 17:21:41 CST 2021), Comment(id=1348540481897865218, parentContentId=null, childrenCommends=[], articleId=163, content=<p>测试友链加的评论模块功能1</p>, userId=1340309806199713794, userAvatar=http://localhost:9000/portal/image/1610317865153_1348396973538934784.jpeg, userName=czy, state=1, createTime=Mon Jan 11 16:01:20 CST 2021, updateTime=Mon Jan 11 16:01:20 CST 2021)])
[2021/02/22-16:43:47] [http-nio-9000-exec-10] [INFO ] [net.sjw.blog.service.impl.ImageServiceImpl] : type ==> jpeg
[2021/02/22-16:43:47] [http-nio-9000-exec-10] [INFO ] [net.sjw.blog.service.impl.ImageServiceImpl] : get image target path ==> D:\czy_blog_system_images\2021_01_11\jpeg\1348396973538934784.jpeg
[2021/02/22-16:43:48] [http-nio-9000-exec-5] [INFO ] [net.sjw.blog.service.impl.ImageServiceImpl] : type ==> jpeg
[2021/02/22-16:43:48] [http-nio-9000-exec-5] [INFO ] [net.sjw.blog.service.impl.ImageServiceImpl] : get image target path ==> D:\czy_blog_system_images\2021_01_11\jpeg\1348396973538934784.jpeg
[2021/02/22-16:43:48] [http-nio-9000-exec-3] [INFO ] [net.sjw.blog.service.impl.UserServiceImpl] : checkUser(不为空) ==> User(id=1340309806199713794, userName=czy, password=null, roles=role_admin, avatar=http://localhost:9000/portal/image/1610317865153_1348396973538934784.jpeg, email=1183728554@qq.com, sign=试试修改签名, state=null, regIp=null, loginIp=null, createTime=null, updateTime=null)
[2021/02/22-16:43:48] [http-nio-9000-exec-2] [INFO ] [net.sjw.blog.service.impl.ImageServiceImpl] : type ==> jpeg
[2021/02/22-16:43:48] [http-nio-9000-exec-2] [INFO ] [net.sjw.blog.service.impl.ImageServiceImpl] : get image target path ==> D:\czy_blog_system_images\2021_01_11\jpeg\1348396973538934784.jpeg
[2021/02/22-16:44:28] [http-nio-9000-exec-7] [INFO ] [net.sjw.blog.service.impl.CommentServiceImpl] : comment from mysql ==> SearchPageList(currentPage=1, totalCount=1, pageSize=10, totalPage=1, hasPrevious=false, hasNext=false, records=[Comment(id=1345046914831228929, parentContentId=null, childrenCommends=[Comment(id=1345047013791637505, parentContentId=1345046914831228929, childrenCommends=[], articleId=129, content=应该可以吧qwq, userId=1340309806199713794, userAvatar=http://localhost:9000/portal/image/1610317865153_1348396973538934784.jpeg, userName=czy, state=1, createTime=Sat Jan 02 00:39:33 CST 2021, updateTime=Sat Jan 02 00:39:33 CST 2021), Comment(id=1345048107024392194, parentContentId=1345046914831228929, childrenCommends=[Comment(id=1345048175961972737, parentContentId=1345048107024392194, childrenCommends=[], articleId=129, content=qwauigdfi, userId=1340309806199713794, userAvatar=http://localhost:9000/portal/image/1610317865153_1348396973538934784.jpeg, userName=czy, state=1, createTime=Sat Jan 02 00:44:10 CST 2021, updateTime=Sat Jan 02 00:44:10 CST 2021)], articleId=129, content=看看刚刚的bug解决没, userId=1340309806199713794, userAvatar=http://localhost:9000/portal/image/1610317865153_1348396973538934784.jpeg, userName=czy, state=1, createTime=Sat Jan 02 00:43:53 CST 2021, updateTime=Sat Jan 02 00:43:53 CST 2021), Comment(id=1345048970895826946, parentContentId=1345046914831228929, childrenCommends=[Comment(id=1345049053439729665, parentContentId=1345048970895826946, childrenCommends=[], articleId=129, content=看看刚刚的bug解决没3, userId=1340309806199713794, userAvatar=http://localhost:9000/portal/image/1610317865153_1348396973538934784.jpeg, userName=czy, state=1, createTime=Sat Jan 02 00:47:39 CST 2021, updateTime=Sat Jan 02 00:47:39 CST 2021)], articleId=129, content=看看刚刚的bug解决没2, userId=1340309806199713794, userAvatar=http://localhost:9000/portal/image/1610317865153_1348396973538934784.jpeg, userName=czy, state=1, createTime=Sat Jan 02 00:47:19 CST 2021, updateTime=Sat Jan 02 00:47:19 CST 2021)], articleId=129, content=<p>第一条关于about的留言(*^▽^*)，等等试试能不能┻┳|･ω･)问我？玩玩守望先锋...</p>, userId=1340309806199713794, userAvatar=http://localhost:9000/portal/image/1610317865153_1348396973538934784.jpeg, userName=czy, state=1, createTime=Sat Jan 02 00:39:09 CST 2021, updateTime=Sat Jan 02 00:39:09 CST 2021)])
[2021/02/22-16:44:29] [http-nio-9000-exec-8] [INFO ] [net.sjw.blog.service.impl.ImageServiceImpl] : type ==> jpeg
[2021/02/22-16:44:29] [http-nio-9000-exec-8] [INFO ] [net.sjw.blog.service.impl.ImageServiceImpl] : get image target path ==> D:\czy_blog_system_images\2021_01_11\jpeg\1348396973538934784.jpeg
[2021/02/22-16:44:32] [http-nio-9000-exec-9] [INFO ] [net.sjw.blog.service.impl.CommentServiceImpl] : comment from mysql ==> SearchPageList(currentPage=1, totalCount=1, pageSize=10, totalPage=1, hasPrevious=false, hasNext=false, records=[Comment(id=1345046914831228929, parentContentId=null, childrenCommends=[Comment(id=1345047013791637505, parentContentId=1345046914831228929, childrenCommends=[], articleId=129, content=应该可以吧qwq, userId=1340309806199713794, userAvatar=http://localhost:9000/portal/image/1610317865153_1348396973538934784.jpeg, userName=czy, state=1, createTime=Sat Jan 02 00:39:33 CST 2021, updateTime=Sat Jan 02 00:39:33 CST 2021), Comment(id=1345048107024392194, parentContentId=1345046914831228929, childrenCommends=[Comment(id=1345048175961972737, parentContentId=1345048107024392194, childrenCommends=[], articleId=129, content=qwauigdfi, userId=1340309806199713794, userAvatar=http://localhost:9000/portal/image/1610317865153_1348396973538934784.jpeg, userName=czy, state=1, createTime=Sat Jan 02 00:44:10 CST 2021, updateTime=Sat Jan 02 00:44:10 CST 2021)], articleId=129, content=看看刚刚的bug解决没, userId=1340309806199713794, userAvatar=http://localhost:9000/portal/image/1610317865153_1348396973538934784.jpeg, userName=czy, state=1, createTime=Sat Jan 02 00:43:53 CST 2021, updateTime=Sat Jan 02 00:43:53 CST 2021), Comment(id=1345048970895826946, parentContentId=1345046914831228929, childrenCommends=[Comment(id=1345049053439729665, parentContentId=1345048970895826946, childrenCommends=[], articleId=129, content=看看刚刚的bug解决没3, userId=1340309806199713794, userAvatar=http://localhost:9000/portal/image/1610317865153_1348396973538934784.jpeg, userName=czy, state=1, createTime=Sat Jan 02 00:47:39 CST 2021, updateTime=Sat Jan 02 00:47:39 CST 2021)], articleId=129, content=看看刚刚的bug解决没2, userId=1340309806199713794, userAvatar=http://localhost:9000/portal/image/1610317865153_1348396973538934784.jpeg, userName=czy, state=1, createTime=Sat Jan 02 00:47:19 CST 2021, updateTime=Sat Jan 02 00:47:19 CST 2021)], articleId=129, content=<p>第一条关于about的留言(*^▽^*)，等等试试能不能┻┳|･ω･)问我？玩玩守望先锋...</p>, userId=1340309806199713794, userAvatar=http://localhost:9000/portal/image/1610317865153_1348396973538934784.jpeg, userName=czy, state=1, createTime=Sat Jan 02 00:39:09 CST 2021, updateTime=Sat Jan 02 00:39:09 CST 2021)])
[2021/02/22-16:44:33] [http-nio-9000-exec-1] [INFO ] [net.sjw.blog.service.impl.ImageServiceImpl] : type ==> jpeg
[2021/02/22-16:44:33] [http-nio-9000-exec-1] [INFO ] [net.sjw.blog.service.impl.ImageServiceImpl] : get image target path ==> D:\czy_blog_system_images\2021_01_11\jpeg\1348396973538934784.jpeg
[2021/02/22-16:50:48] [http-nio-9000-exec-4] [INFO ] [net.sjw.blog.service.impl.CommentServiceImpl] : comment from mysql ==> SearchPageList(currentPage=1, totalCount=1, pageSize=10, totalPage=1, hasPrevious=false, hasNext=false, records=[Comment(id=1345046914831228929, parentContentId=null, childrenCommends=[Comment(id=1345047013791637505, parentContentId=1345046914831228929, childrenCommends=[], articleId=129, content=应该可以吧qwq, userId=1340309806199713794, userAvatar=http://localhost:9000/portal/image/1610317865153_1348396973538934784.jpeg, userName=czy, state=1, createTime=Sat Jan 02 00:39:33 CST 2021, updateTime=Sat Jan 02 00:39:33 CST 2021), Comment(id=1345048107024392194, parentContentId=1345046914831228929, childrenCommends=[Comment(id=1345048175961972737, parentContentId=1345048107024392194, childrenCommends=[], articleId=129, content=qwauigdfi, userId=1340309806199713794, userAvatar=http://localhost:9000/portal/image/1610317865153_1348396973538934784.jpeg, userName=czy, state=1, createTime=Sat Jan 02 00:44:10 CST 2021, updateTime=Sat Jan 02 00:44:10 CST 2021)], articleId=129, content=看看刚刚的bug解决没, userId=1340309806199713794, userAvatar=http://localhost:9000/portal/image/1610317865153_1348396973538934784.jpeg, userName=czy, state=1, createTime=Sat Jan 02 00:43:53 CST 2021, updateTime=Sat Jan 02 00:43:53 CST 2021), Comment(id=1345048970895826946, parentContentId=1345046914831228929, childrenCommends=[Comment(id=1345049053439729665, parentContentId=1345048970895826946, childrenCommends=[], articleId=129, content=看看刚刚的bug解决没3, userId=1340309806199713794, userAvatar=http://localhost:9000/portal/image/1610317865153_1348396973538934784.jpeg, userName=czy, state=1, createTime=Sat Jan 02 00:47:39 CST 2021, updateTime=Sat Jan 02 00:47:39 CST 2021)], articleId=129, content=看看刚刚的bug解决没2, userId=1340309806199713794, userAvatar=http://localhost:9000/portal/image/1610317865153_1348396973538934784.jpeg, userName=czy, state=1, createTime=Sat Jan 02 00:47:19 CST 2021, updateTime=Sat Jan 02 00:47:19 CST 2021)], articleId=129, content=<p>第一条关于about的留言(*^▽^*)，等等试试能不能┻┳|･ω･)问我？玩玩守望先锋...</p>, userId=1340309806199713794, userAvatar=http://localhost:9000/portal/image/1610317865153_1348396973538934784.jpeg, userName=czy, state=1, createTime=Sat Jan 02 00:39:09 CST 2021, updateTime=Sat Jan 02 00:39:09 CST 2021)])
[2021/02/22-16:50:48] [http-nio-9000-exec-3] [INFO ] [net.sjw.blog.service.impl.ImageServiceImpl] : type ==> jpeg
[2021/02/22-16:50:48] [http-nio-9000-exec-3] [INFO ] [net.sjw.blog.service.impl.ImageServiceImpl] : get image target path ==> D:\czy_blog_system_images\2021_01_11\jpeg\1348396973538934784.jpeg
[2021/02/22-16:50:49] [http-nio-9000-exec-7] [INFO ] [net.sjw.blog.service.impl.UserServiceImpl] : checkUser(不为空) ==> User(id=1340309806199713794, userName=czy, password=null, roles=role_admin, avatar=http://localhost:9000/portal/image/1610317865153_1348396973538934784.jpeg, email=1183728554@qq.com, sign=试试修改签名, state=null, regIp=null, loginIp=null, createTime=null, updateTime=null)
[2021/02/22-16:50:49] [http-nio-9000-exec-9] [INFO ] [net.sjw.blog.service.impl.ImageServiceImpl] : type ==> jpeg
[2021/02/22-16:50:49] [http-nio-9000-exec-9] [INFO ] [net.sjw.blog.service.impl.ImageServiceImpl] : get image target path ==> D:\czy_blog_system_images\2021_01_11\jpeg\1348396973538934784.jpeg
