[2021/02/25-17:22:21] [http-nio-9000-exec-5] [INFO ] [net.sjw.blog.service.impl.ArticleServiceImpl] : article from mysql ...
[2021/02/25-17:22:21] [http-nio-9000-exec-6] [INFO ] [net.sjw.blog.service.impl.UserServiceImpl] : checkUser token ==> null
[2021/02/25-17:22:22] [http-nio-9000-exec-10] [INFO ] [net.sjw.blog.service.impl.ImageServiceImpl] : type ==> jpeg
[2021/02/25-17:22:22] [http-nio-9000-exec-10] [INFO ] [net.sjw.blog.service.impl.ImageServiceImpl] : get image target path ==> D:\czy_blog_system_images\2021_01_11\jpeg\1348381142444670976.jpeg
[2021/02/25-17:22:23] [http-nio-9000-exec-5] [INFO ] [net.sjw.blog.service.impl.ImageServiceImpl] : type ==> jpeg
[2021/02/25-17:22:23] [http-nio-9000-exec-5] [INFO ] [net.sjw.blog.service.impl.ImageServiceImpl] : get image target path ==> D:\czy_blog_system_images\2020_12_19\jpeg\1340312338556780544.jpeg
[2021/02/25-17:22:24] [http-nio-9000-exec-6] [INFO ] [net.sjw.blog.service.impl.ImageServiceImpl] : type ==> jpeg
[2021/02/25-17:22:24] [http-nio-9000-exec-6] [INFO ] [net.sjw.blog.service.impl.ImageServiceImpl] : get image target path ==> D:\czy_blog_system_images\2021_01_11\jpeg\1348381142444670976.jpeg
[2021/02/25-17:22:24] [http-nio-9000-exec-4] [INFO ] [net.sjw.blog.service.impl.ImageServiceImpl] : type ==> jpeg
[2021/02/25-17:22:24] [http-nio-9000-exec-4] [INFO ] [net.sjw.blog.service.impl.ImageServiceImpl] : get image target path ==> D:\czy_blog_system_images\2020_12_19\jpeg\1340312338556780544.jpeg
[2021/02/25-17:22:24] [http-nio-9000-exec-2] [INFO ] [net.sjw.blog.service.impl.UserServiceImpl] : 存在refreshToken 解析refreshToken
[2021/02/25-17:22:24] [http-nio-9000-exec-2] [INFO ] [net.sjw.blog.service.impl.UserServiceImpl] : 409行  createTokenKeyp_83804aeed68d9998f2509ec1d24ab7c9
[2021/02/25-17:22:24] [http-nio-9000-exec-7] [INFO ] [net.sjw.blog.service.impl.ImageServiceImpl] : type ==> jpeg
[2021/02/25-17:22:24] [http-nio-9000-exec-7] [INFO ] [net.sjw.blog.service.impl.ImageServiceImpl] : get image target path ==> D:\czy_blog_system_images\2021_01_11\jpeg\1348396973538934784.jpeg
[2021/02/25-17:23:34] [http-nio-9000-exec-5] [INFO ] [net.sjw.blog.service.impl.UserServiceImpl] : checkUser(不为空) ==> User(id=1340309806199713794, userName=czy, password=null, roles=role_admin, avatar=http://localhost:9000/portal/image/1610317865153_1348396973538934784.jpeg, email=1183728554@qq.com, sign=试试修改签名, state=null, regIp=null, loginIp=null, createTime=null, updateTime=null)
[2021/02/25-17:23:34] [http-nio-9000-exec-6] [INFO ] [net.sjw.blog.service.impl.ImageServiceImpl] : type ==> jpeg
[2021/02/25-17:23:34] [http-nio-9000-exec-6] [INFO ] [net.sjw.blog.service.impl.ImageServiceImpl] : get image target path ==> D:\czy_blog_system_images\2021_01_11\jpeg\1348396973538934784.jpeg
[2021/02/25-17:23:34] [http-nio-9000-exec-4] [INFO ] [net.sjw.blog.service.impl.UserServiceImpl] : checkUser(不为空) ==> User(id=1340309806199713794, userName=czy, password=null, roles=role_admin, avatar=http://localhost:9000/portal/image/1610317865153_1348396973538934784.jpeg, email=1183728554@qq.com, sign=试试修改签名, state=null, regIp=null, loginIp=null, createTime=null, updateTime=null)
[2021/02/25-17:23:35] [http-nio-9000-exec-4] [INFO ] [net.sjw.blog.service.impl.UserServiceImpl] : 53.0%
[2021/02/25-17:23:40] [http-nio-9000-exec-3] [INFO ] [net.sjw.blog.service.impl.UserServiceImpl] : checkUser(不为空) ==> User(id=1340309806199713794, userName=czy, password=null, roles=role_admin, avatar=http://localhost:9000/portal/image/1610317865153_1348396973538934784.jpeg, email=1183728554@qq.com, sign=试试修改签名, state=null, regIp=null, loginIp=null, createTime=null, updateTime=null)
[2021/02/25-17:23:41] [http-nio-9000-exec-3] [INFO ] [net.sjw.blog.service.impl.UserServiceImpl] : 33.7%
[2021/02/25-23:01:46] [http-nio-9000-exec-1] [INFO ] [net.sjw.blog.service.impl.UserServiceImpl] : captcha font type ==> 3
[2021/02/25-23:01:51] [http-nio-9000-exec-6] [INFO ] [net.sjw.blog.service.impl.UserServiceImpl] : captcha font type ==> 3
[2021/02/25-23:01:52] [http-nio-9000-exec-5] [INFO ] [net.sjw.blog.service.impl.UserServiceImpl] : captcha font type ==> 1
[2021/02/25-23:04:02] [http-nio-9000-exec-4] [INFO ] [net.sjw.blog.service.impl.UserServiceImpl] : captcha font type ==> 2
[2021/02/25-23:04:36] [http-nio-9000-exec-3] [INFO ] [net.sjw.blog.service.impl.UserServiceImpl] : captcha font type ==> 5
[2021/02/25-23:04:40] [http-nio-9000-exec-8] [INFO ] [net.sjw.blog.service.impl.UserServiceImpl] : captcha font type ==> 6
[2021/02/25-23:04:45] [http-nio-9000-exec-9] [INFO ] [net.sjw.blog.service.impl.UserServiceImpl] : captcha font type ==> 6
[2021/02/25-23:04:51] [http-nio-9000-exec-10] [INFO ] [net.sjw.blog.service.impl.UserServiceImpl] : captcha font type ==> 4
[2021/02/25-23:05:38] [http-nio-9000-exec-2] [INFO ] [net.sjw.blog.service.impl.UserServiceImpl] : captcha font type ==> 5
[2021/02/25-23:05:47] [http-nio-9000-exec-1] [INFO ] [net.sjw.blog.service.impl.UserServiceImpl] : captcha font type ==> 5
[2021/02/25-23:05:48] [http-nio-9000-exec-6] [INFO ] [net.sjw.blog.service.impl.UserServiceImpl] : captcha font type ==> 0
[2021/02/25-23:05:49] [http-nio-9000-exec-5] [INFO ] [net.sjw.blog.service.impl.UserServiceImpl] : captcha font type ==> 4
[2021/02/25-23:05:49] [http-nio-9000-exec-7] [INFO ] [net.sjw.blog.service.impl.UserServiceImpl] : captcha font type ==> 4
[2021/02/25-23:05:50] [http-nio-9000-exec-4] [INFO ] [net.sjw.blog.service.impl.UserServiceImpl] : captcha font type ==> 7
[2021/02/25-23:05:51] [http-nio-9000-exec-3] [INFO ] [net.sjw.blog.service.impl.UserServiceImpl] : captcha font type ==> 0
[2021/02/25-23:05:57] [http-nio-9000-exec-8] [INFO ] [net.sjw.blog.service.impl.UserServiceImpl] : captcha font type ==> 3
[2021/02/25-23:21:14] [http-nio-9000-exec-10] [INFO ] [net.sjw.blog.service.impl.ArticleServiceImpl] : article from mysql ...
[2021/02/25-23:21:14] [http-nio-9000-exec-1] [INFO ] [net.sjw.blog.service.impl.UserServiceImpl] : checkUser token ==> null
[2021/02/25-23:21:15] [http-nio-9000-exec-10] [INFO ] [net.sjw.blog.service.impl.ImageServiceImpl] : type ==> jpeg
[2021/02/25-23:21:15] [http-nio-9000-exec-10] [INFO ] [net.sjw.blog.service.impl.ImageServiceImpl] : get image target path ==> D:\czy_blog_system_images\2021_01_11\jpeg\1348381142444670976.jpeg
[2021/02/25-23:21:15] [http-nio-9000-exec-2] [INFO ] [net.sjw.blog.service.impl.ImageServiceImpl] : type ==> jpeg
[2021/02/25-23:21:15] [http-nio-9000-exec-2] [INFO ] [net.sjw.blog.service.impl.ImageServiceImpl] : get image target path ==> D:\czy_blog_system_images\2020_12_19\jpeg\1340312338556780544.jpeg
[2021/02/25-23:21:18] [http-nio-9000-exec-1] [INFO ] [net.sjw.blog.service.impl.ImageServiceImpl] : type ==> jpeg
[2021/02/25-23:21:18] [http-nio-9000-exec-1] [INFO ] [net.sjw.blog.service.impl.ImageServiceImpl] : get image target path ==> D:\czy_blog_system_images\2021_01_11\jpeg\1348381142444670976.jpeg
[2021/02/25-23:21:18] [http-nio-9000-exec-6] [INFO ] [net.sjw.blog.service.impl.ImageServiceImpl] : type ==> jpeg
[2021/02/25-23:21:18] [http-nio-9000-exec-6] [INFO ] [net.sjw.blog.service.impl.ImageServiceImpl] : get image target path ==> D:\czy_blog_system_images\2020_12_19\jpeg\1340312338556780544.jpeg
[2021/02/25-23:21:18] [http-nio-9000-exec-7] [INFO ] [net.sjw.blog.service.impl.UserServiceImpl] : checkUser token ==> null
[2021/02/25-23:21:18] [http-nio-9000-exec-3] [INFO ] [net.sjw.blog.service.impl.ImageServiceImpl] : type ==> jpeg
[2021/02/25-23:21:18] [http-nio-9000-exec-3] [INFO ] [net.sjw.blog.service.impl.ImageServiceImpl] : get image target path ==> D:\czy_blog_system_images\2021_01_11\jpeg\1348396973538934784.jpeg
[2021/02/25-23:21:21] [http-nio-9000-exec-8] [INFO ] [net.sjw.blog.service.impl.UserServiceImpl] : captcha font type ==> 0
[2021/02/25-23:21:21] [http-nio-9000-exec-10] [INFO ] [net.sjw.blog.service.impl.UserServiceImpl] : checkUser token ==> null
[2021/02/25-23:21:54] [http-nio-9000-exec-6] [INFO ] [net.sjw.blog.service.impl.UserServiceImpl] : captcha font type ==> 0
[2021/02/25-23:21:55] [http-nio-9000-exec-1] [INFO ] [net.sjw.blog.service.impl.UserServiceImpl] : captcha font type ==> 6
[2021/02/25-23:21:55] [http-nio-9000-exec-7] [INFO ] [net.sjw.blog.service.impl.UserServiceImpl] : captcha font type ==> 1
[2021/02/25-23:22:04] [http-nio-9000-exec-4] [INFO ] [net.sjw.blog.service.impl.UserServiceImpl] : captcha font type ==> 7
[2021/02/25-23:22:14] [http-nio-9000-exec-10] [INFO ] [net.sjw.blog.service.impl.UserServiceImpl] : captcha font type ==> 1
[2021/02/25-23:22:33] [http-nio-9000-exec-6] [INFO ] [net.sjw.blog.service.impl.UserServiceImpl] : captcha font type ==> 7
[2021/02/25-23:22:42] [http-nio-9000-exec-1] [INFO ] [net.sjw.blog.service.impl.UserServiceImpl] : captcha font type ==> 6
[2021/02/25-23:22:46] [http-nio-9000-exec-5] [INFO ] [net.sjw.blog.service.impl.UserServiceImpl] : captcha font type ==> 3
[2021/02/25-23:23:11] [http-nio-9000-exec-4] [INFO ] [net.sjw.blog.service.impl.UserServiceImpl] : captcha font type ==> 6
[2021/02/25-23:23:12] [http-nio-9000-exec-3] [INFO ] [net.sjw.blog.service.impl.UserServiceImpl] : captcha font type ==> 0
[2021/02/25-23:23:14] [http-nio-9000-exec-2] [INFO ] [net.sjw.blog.service.impl.UserServiceImpl] : captcha font type ==> 7
[2021/02/25-23:23:20] [http-nio-9000-exec-9] [INFO ] [net.sjw.blog.service.impl.UserServiceImpl] : captcha font type ==> 2
[2021/02/25-23:23:20] [http-nio-9000-exec-8] [INFO ] [net.sjw.blog.service.impl.UserServiceImpl] : captcha font type ==> 0
[2021/02/25-23:23:21] [http-nio-9000-exec-6] [INFO ] [net.sjw.blog.service.impl.UserServiceImpl] : captcha font type ==> 2
[2021/02/25-23:23:24] [http-nio-9000-exec-7] [INFO ] [net.sjw.blog.service.impl.UserServiceImpl] : captcha font type ==> 7
[2021/02/25-23:23:24] [http-nio-9000-exec-5] [INFO ] [net.sjw.blog.service.impl.ArticleServiceImpl] : article from mysql ...
[2021/02/25-23:23:24] [http-nio-9000-exec-4] [INFO ] [net.sjw.blog.service.impl.UserServiceImpl] : checkUser token ==> null
[2021/02/25-23:23:25] [http-nio-9000-exec-7] [INFO ] [net.sjw.blog.service.impl.ImageServiceImpl] : type ==> jpeg
[2021/02/25-23:23:25] [http-nio-9000-exec-7] [INFO ] [net.sjw.blog.service.impl.ImageServiceImpl] : get image target path ==> D:\czy_blog_system_images\2021_01_11\jpeg\1348381142444670976.jpeg
[2021/02/25-23:23:25] [http-nio-9000-exec-5] [INFO ] [net.sjw.blog.service.impl.ImageServiceImpl] : type ==> jpeg
[2021/02/25-23:23:25] [http-nio-9000-exec-5] [INFO ] [net.sjw.blog.service.impl.ImageServiceImpl] : get image target path ==> D:\czy_blog_system_images\2020_12_19\jpeg\1340312338556780544.jpeg
[2021/02/25-23:23:25] [http-nio-9000-exec-3] [INFO ] [net.sjw.blog.service.impl.UserServiceImpl] : checkUser(不为空) ==> User(id=1340223085567127553, userName=czy2, password=null, roles=role_admin, avatar=https://my-avatar-guli.oss-cn-shenzhen.aliyuncs.com/2020/06/14/24ed6b3fded541d787b0561fa2ccd71801.gif, email=554@qq.com, sign=czy的blog，加油干出来啊哈哈哈哈哈哈哈, state=null, regIp=null, loginIp=null, createTime=null, updateTime=null)
[2021/02/25-23:23:26] [http-nio-9000-exec-10] [INFO ] [net.sjw.blog.service.impl.ImageServiceImpl] : type ==> jpeg
[2021/02/25-23:23:26] [http-nio-9000-exec-10] [INFO ] [net.sjw.blog.service.impl.ImageServiceImpl] : get image target path ==> D:\czy_blog_system_images\2021_01_11\jpeg\1348396973538934784.jpeg
[2021/02/25-23:23:40] [http-nio-9000-exec-9] [INFO ] [net.sjw.blog.service.impl.UserServiceImpl] : captcha font type ==> 4
[2021/02/25-23:23:49] [http-nio-9000-exec-8] [INFO ] [net.sjw.blog.service.impl.UserServiceImpl] : captcha font type ==> 2
[2021/02/25-23:23:56] [http-nio-9000-exec-6] [INFO ] [net.sjw.blog.service.impl.UserServiceImpl] : captcha font type ==> 3
[2021/02/25-23:24:09] [http-nio-9000-exec-1] [INFO ] [net.sjw.blog.service.impl.UserServiceImpl] : captcha font type ==> 1
[2021/02/25-23:24:17] [http-nio-9000-exec-7] [INFO ] [net.sjw.blog.service.impl.UserServiceImpl] : captcha font type ==> 7
[2021/02/25-23:24:18] [http-nio-9000-exec-5] [INFO ] [net.sjw.blog.service.impl.UserServiceImpl] : captcha font type ==> 4
[2021/02/25-23:24:19] [http-nio-9000-exec-4] [INFO ] [net.sjw.blog.service.impl.UserServiceImpl] : captcha font type ==> 4
[2021/02/25-23:24:19] [http-nio-9000-exec-3] [INFO ] [net.sjw.blog.service.impl.UserServiceImpl] : captcha font type ==> 5
[2021/02/25-23:24:22] [http-nio-9000-exec-10] [INFO ] [net.sjw.blog.service.impl.UserServiceImpl] : captcha font type ==> 2
[2021/02/25-23:24:51] [http-nio-9000-exec-8] [INFO ] [net.sjw.blog.service.impl.UserServiceImpl] : captcha font type ==> 5
[2021/02/25-23:24:52] [http-nio-9000-exec-6] [INFO ] [net.sjw.blog.service.impl.UserServiceImpl] : captcha font type ==> 7
[2021/02/25-23:24:57] [http-nio-9000-exec-1] [INFO ] [net.sjw.blog.service.impl.UserServiceImpl] : captcha font type ==> 5
[2021/02/25-23:25:06] [http-nio-9000-exec-7] [INFO ] [net.sjw.blog.service.impl.UserServiceImpl] : captcha font type ==> 1
[2021/02/25-23:28:31] [http-nio-9000-exec-4] [INFO ] [net.sjw.blog.service.impl.UserServiceImpl] : captcha font type ==> 1
[2021/02/25-23:28:33] [http-nio-9000-exec-3] [INFO ] [net.sjw.blog.service.impl.UserServiceImpl] : captcha font type ==> 4
[2021/02/25-23:28:37] [http-nio-9000-exec-10] [INFO ] [net.sjw.blog.service.impl.UserServiceImpl] : captcha font type ==> 1
[2021/02/25-23:51:47] [http-nio-9000-exec-9] [INFO ] [net.sjw.blog.service.impl.UserServiceImpl] : checkUser(不为空) ==> User(id=1340223085567127553, userName=czy2, password=null, roles=role_admin, avatar=https://my-avatar-guli.oss-cn-shenzhen.aliyuncs.com/2020/06/14/24ed6b3fded541d787b0561fa2ccd71801.gif, email=554@qq.com, sign=czy的blog，加油干出来啊哈哈哈哈哈哈哈, state=null, regIp=null, loginIp=null, createTime=null, updateTime=null)
[2021/02/25-23:51:47] [http-nio-9000-exec-8] [INFO ] [net.sjw.blog.service.impl.UserServiceImpl] : checkUser(不为空) ==> User(id=1340223085567127553, userName=czy2, password=null, roles=role_admin, avatar=https://my-avatar-guli.oss-cn-shenzhen.aliyuncs.com/2020/06/14/24ed6b3fded541d787b0561fa2ccd71801.gif, email=554@qq.com, sign=czy的blog，加油干出来啊哈哈哈哈哈哈哈, state=null, regIp=null, loginIp=null, createTime=null, updateTime=null)
[2021/02/25-23:51:47] [http-nio-9000-exec-8] [INFO ] [net.sjw.blog.service.impl.UserServiceImpl] : checkUser(不为空) ==> User(id=1340223085567127553, userName=czy2, password=null, roles=role_admin, avatar=https://my-avatar-guli.oss-cn-shenzhen.aliyuncs.com/2020/06/14/24ed6b3fded541d787b0561fa2ccd71801.gif, email=554@qq.com, sign=czy的blog，加油干出来啊哈哈哈哈哈哈哈, state=null, regIp=null, loginIp=null, createTime=null, updateTime=null)
[2021/02/25-23:52:44] [http-nio-9000-exec-6] [INFO ] [net.sjw.blog.service.impl.UserServiceImpl] : checkUser(不为空) ==> User(id=1340223085567127553, userName=czy2, password=null, roles=role_admin, avatar=https://my-avatar-guli.oss-cn-shenzhen.aliyuncs.com/2020/06/14/24ed6b3fded541d787b0561fa2ccd71801.gif, email=554@qq.com, sign=czy的blog，加油干出来啊哈哈哈哈哈哈哈, state=null, regIp=null, loginIp=null, createTime=null, updateTime=null)
[2021/02/25-23:52:44] [http-nio-9000-exec-6] [INFO ] [net.sjw.blog.service.impl.UserServiceImpl] : checkUser(不为空) ==> User(id=1340223085567127553, userName=czy2, password=null, roles=role_admin, avatar=https://my-avatar-guli.oss-cn-shenzhen.aliyuncs.com/2020/06/14/24ed6b3fded541d787b0561fa2ccd71801.gif, email=554@qq.com, sign=czy的blog，加油干出来啊哈哈哈哈哈哈哈, state=null, regIp=null, loginIp=null, createTime=null, updateTime=null)
[2021/02/25-23:52:49] [http-nio-9000-exec-1] [INFO ] [net.sjw.blog.service.impl.UserServiceImpl] : checkUser(不为空) ==> User(id=1340223085567127553, userName=czy2, password=null, roles=role_admin, avatar=https://my-avatar-guli.oss-cn-shenzhen.aliyuncs.com/2020/06/14/24ed6b3fded541d787b0561fa2ccd71801.gif, email=554@qq.com, sign=czy的blog，加油干出来啊哈哈哈哈哈哈哈, state=null, regIp=null, loginIp=null, createTime=null, updateTime=null)
[2021/02/25-23:52:49] [http-nio-9000-exec-1] [INFO ] [net.sjw.blog.service.impl.UserServiceImpl] : checkUser(不为空) ==> User(id=1340223085567127553, userName=czy2, password=null, roles=role_admin, avatar=https://my-avatar-guli.oss-cn-shenzhen.aliyuncs.com/2020/06/14/24ed6b3fded541d787b0561fa2ccd71801.gif, email=554@qq.com, sign=czy的blog，加油干出来啊哈哈哈哈哈哈哈, state=null, regIp=null, loginIp=null, createTime=null, updateTime=null)
[2021/02/25-23:52:51] [http-nio-9000-exec-7] [INFO ] [net.sjw.blog.service.impl.UserServiceImpl] : checkUser(不为空) ==> User(id=1340223085567127553, userName=czy2, password=null, roles=role_admin, avatar=https://my-avatar-guli.oss-cn-shenzhen.aliyuncs.com/2020/06/14/24ed6b3fded541d787b0561fa2ccd71801.gif, email=554@qq.com, sign=czy的blog，加油干出来啊哈哈哈哈哈哈哈, state=null, regIp=null, loginIp=null, createTime=null, updateTime=null)
[2021/02/25-23:52:51] [http-nio-9000-exec-7] [INFO ] [net.sjw.blog.service.impl.UserServiceImpl] : checkUser(不为空) ==> User(id=1340223085567127553, userName=czy2, password=null, roles=role_admin, avatar=https://my-avatar-guli.oss-cn-shenzhen.aliyuncs.com/2020/06/14/24ed6b3fded541d787b0561fa2ccd71801.gif, email=554@qq.com, sign=czy的blog，加油干出来啊哈哈哈哈哈哈哈, state=null, regIp=null, loginIp=null, createTime=null, updateTime=null)
[2021/02/25-23:52:53] [http-nio-9000-exec-5] [INFO ] [net.sjw.blog.service.impl.UserServiceImpl] : checkUser(不为空) ==> User(id=1340223085567127553, userName=czy2, password=null, roles=role_admin, avatar=https://my-avatar-guli.oss-cn-shenzhen.aliyuncs.com/2020/06/14/24ed6b3fded541d787b0561fa2ccd71801.gif, email=554@qq.com, sign=czy的blog，加油干出来啊哈哈哈哈哈哈哈, state=null, regIp=null, loginIp=null, createTime=null, updateTime=null)
[2021/02/25-23:52:53] [http-nio-9000-exec-5] [INFO ] [net.sjw.blog.service.impl.UserServiceImpl] : checkUser(不为空) ==> User(id=1340223085567127553, userName=czy2, password=null, roles=role_admin, avatar=https://my-avatar-guli.oss-cn-shenzhen.aliyuncs.com/2020/06/14/24ed6b3fded541d787b0561fa2ccd71801.gif, email=554@qq.com, sign=czy的blog，加油干出来啊哈哈哈哈哈哈哈, state=null, regIp=null, loginIp=null, createTime=null, updateTime=null)
[2021/02/25-23:52:54] [http-nio-9000-exec-4] [INFO ] [net.sjw.blog.service.impl.UserServiceImpl] : checkUser(不为空) ==> User(id=1340223085567127553, userName=czy2, password=null, roles=role_admin, avatar=https://my-avatar-guli.oss-cn-shenzhen.aliyuncs.com/2020/06/14/24ed6b3fded541d787b0561fa2ccd71801.gif, email=554@qq.com, sign=czy的blog，加油干出来啊哈哈哈哈哈哈哈, state=null, regIp=null, loginIp=null, createTime=null, updateTime=null)
[2021/02/25-23:52:54] [http-nio-9000-exec-4] [INFO ] [net.sjw.blog.service.impl.UserServiceImpl] : checkUser(不为空) ==> User(id=1340223085567127553, userName=czy2, password=null, roles=role_admin, avatar=https://my-avatar-guli.oss-cn-shenzhen.aliyuncs.com/2020/06/14/24ed6b3fded541d787b0561fa2ccd71801.gif, email=554@qq.com, sign=czy的blog，加油干出来啊哈哈哈哈哈哈哈, state=null, regIp=null, loginIp=null, createTime=null, updateTime=null)
[2021/02/25-23:52:55] [http-nio-9000-exec-3] [INFO ] [net.sjw.blog.service.impl.UserServiceImpl] : checkUser(不为空) ==> User(id=1340223085567127553, userName=czy2, password=null, roles=role_admin, avatar=https://my-avatar-guli.oss-cn-shenzhen.aliyuncs.com/2020/06/14/24ed6b3fded541d787b0561fa2ccd71801.gif, email=554@qq.com, sign=czy的blog，加油干出来啊哈哈哈哈哈哈哈, state=null, regIp=null, loginIp=null, createTime=null, updateTime=null)
[2021/02/25-23:52:55] [http-nio-9000-exec-3] [INFO ] [net.sjw.blog.service.impl.UserServiceImpl] : checkUser(不为空) ==> User(id=1340223085567127553, userName=czy2, password=null, roles=role_admin, avatar=https://my-avatar-guli.oss-cn-shenzhen.aliyuncs.com/2020/06/14/24ed6b3fded541d787b0561fa2ccd71801.gif, email=554@qq.com, sign=czy的blog，加油干出来啊哈哈哈哈哈哈哈, state=null, regIp=null, loginIp=null, createTime=null, updateTime=null)
[2021/02/25-23:53:00] [http-nio-9000-exec-10] [INFO ] [net.sjw.blog.service.impl.UserServiceImpl] : checkUser(不为空) ==> User(id=1340223085567127553, userName=czy2, password=null, roles=role_admin, avatar=https://my-avatar-guli.oss-cn-shenzhen.aliyuncs.com/2020/06/14/24ed6b3fded541d787b0561fa2ccd71801.gif, email=554@qq.com, sign=czy的blog，加油干出来啊哈哈哈哈哈哈哈, state=null, regIp=null, loginIp=null, createTime=null, updateTime=null)
[2021/02/25-23:53:00] [http-nio-9000-exec-10] [INFO ] [net.sjw.blog.service.impl.UserServiceImpl] : checkUser(不为空) ==> User(id=1340223085567127553, userName=czy2, password=null, roles=role_admin, avatar=https://my-avatar-guli.oss-cn-shenzhen.aliyuncs.com/2020/06/14/24ed6b3fded541d787b0561fa2ccd71801.gif, email=554@qq.com, sign=czy的blog，加油干出来啊哈哈哈哈哈哈哈, state=null, regIp=null, loginIp=null, createTime=null, updateTime=null)
[2021/02/25-23:53:03] [http-nio-9000-exec-2] [INFO ] [net.sjw.blog.service.impl.UserServiceImpl] : checkUser(不为空) ==> User(id=1340223085567127553, userName=czy2, password=null, roles=role_admin, avatar=https://my-avatar-guli.oss-cn-shenzhen.aliyuncs.com/2020/06/14/24ed6b3fded541d787b0561fa2ccd71801.gif, email=554@qq.com, sign=czy的blog，加油干出来啊哈哈哈哈哈哈哈, state=null, regIp=null, loginIp=null, createTime=null, updateTime=null)
[2021/02/25-23:53:03] [http-nio-9000-exec-2] [INFO ] [net.sjw.blog.service.impl.UserServiceImpl] : checkUser(不为空) ==> User(id=1340223085567127553, userName=czy2, password=null, roles=role_admin, avatar=https://my-avatar-guli.oss-cn-shenzhen.aliyuncs.com/2020/06/14/24ed6b3fded541d787b0561fa2ccd71801.gif, email=554@qq.com, sign=czy的blog，加油干出来啊哈哈哈哈哈哈哈, state=null, regIp=null, loginIp=null, createTime=null, updateTime=null)
[2021/02/25-23:53:16] [http-nio-9000-exec-9] [INFO ] [net.sjw.blog.service.impl.UserServiceImpl] : checkUser(不为空) ==> User(id=1340223085567127553, userName=czy2, password=null, roles=role_admin, avatar=https://my-avatar-guli.oss-cn-shenzhen.aliyuncs.com/2020/06/14/24ed6b3fded541d787b0561fa2ccd71801.gif, email=554@qq.com, sign=czy的blog，加油干出来啊哈哈哈哈哈哈哈, state=null, regIp=null, loginIp=null, createTime=null, updateTime=null)
[2021/02/25-23:53:16] [http-nio-9000-exec-9] [INFO ] [net.sjw.blog.service.impl.UserServiceImpl] : checkUser(不为空) ==> User(id=1340223085567127553, userName=czy2, password=null, roles=role_admin, avatar=https://my-avatar-guli.oss-cn-shenzhen.aliyuncs.com/2020/06/14/24ed6b3fded541d787b0561fa2ccd71801.gif, email=554@qq.com, sign=czy的blog，加油干出来啊哈哈哈哈哈哈哈, state=null, regIp=null, loginIp=null, createTime=null, updateTime=null)
[2021/02/25-23:53:24] [http-nio-9000-exec-8] [INFO ] [net.sjw.blog.service.impl.UserServiceImpl] : checkUser(不为空) ==> User(id=1340223085567127553, userName=czy2, password=null, roles=role_admin, avatar=https://my-avatar-guli.oss-cn-shenzhen.aliyuncs.com/2020/06/14/24ed6b3fded541d787b0561fa2ccd71801.gif, email=554@qq.com, sign=czy的blog，加油干出来啊哈哈哈哈哈哈哈, state=null, regIp=null, loginIp=null, createTime=null, updateTime=null)
[2021/02/25-23:53:24] [http-nio-9000-exec-6] [INFO ] [net.sjw.blog.service.impl.UserServiceImpl] : checkUser(不为空) ==> User(id=1340223085567127553, userName=czy2, password=null, roles=role_admin, avatar=https://my-avatar-guli.oss-cn-shenzhen.aliyuncs.com/2020/06/14/24ed6b3fded541d787b0561fa2ccd71801.gif, email=554@qq.com, sign=czy的blog，加油干出来啊哈哈哈哈哈哈哈, state=null, regIp=null, loginIp=null, createTime=null, updateTime=null)
[2021/02/25-23:53:24] [http-nio-9000-exec-7] [INFO ] [net.sjw.blog.service.impl.ImageServiceImpl] : type ==> jpeg
[2021/02/25-23:53:24] [http-nio-9000-exec-1] [INFO ] [net.sjw.blog.service.impl.ImageServiceImpl] : type ==> jpeg
[2021/02/25-23:53:24] [http-nio-9000-exec-7] [INFO ] [net.sjw.blog.service.impl.ImageServiceImpl] : get image target path ==> D:\czy_blog_system_images\2020_12_19\jpeg\1340312338556780544.jpeg
[2021/02/25-23:53:24] [http-nio-9000-exec-1] [INFO ] [net.sjw.blog.service.impl.ImageServiceImpl] : get image target path ==> D:\czy_blog_system_images\2020_12_19\jpeg\1340312561316265984.jpeg
[2021/02/25-23:53:24] [http-nio-9000-exec-5] [INFO ] [net.sjw.blog.service.impl.UserServiceImpl] : checkUser(不为空) ==> User(id=1340223085567127553, userName=czy2, password=null, roles=role_admin, avatar=https://my-avatar-guli.oss-cn-shenzhen.aliyuncs.com/2020/06/14/24ed6b3fded541d787b0561fa2ccd71801.gif, email=554@qq.com, sign=czy的blog，加油干出来啊哈哈哈哈哈哈哈, state=null, regIp=null, loginIp=null, createTime=null, updateTime=null)
[2021/02/25-23:53:24] [http-nio-9000-exec-5] [INFO ] [net.sjw.blog.service.impl.UserServiceImpl] : checkUser(不为空) ==> User(id=1340223085567127553, userName=czy2, password=null, roles=role_admin, avatar=https://my-avatar-guli.oss-cn-shenzhen.aliyuncs.com/2020/06/14/24ed6b3fded541d787b0561fa2ccd71801.gif, email=554@qq.com, sign=czy的blog，加油干出来啊哈哈哈哈哈哈哈, state=null, regIp=null, loginIp=null, createTime=null, updateTime=null)
[2021/02/25-23:53:24] [http-nio-9000-exec-4] [INFO ] [net.sjw.blog.service.impl.UserServiceImpl] : checkUser(不为空) ==> User(id=1340223085567127553, userName=czy2, password=null, roles=role_admin, avatar=https://my-avatar-guli.oss-cn-shenzhen.aliyuncs.com/2020/06/14/24ed6b3fded541d787b0561fa2ccd71801.gif, email=554@qq.com, sign=czy的blog，加油干出来啊哈哈哈哈哈哈哈, state=null, regIp=null, loginIp=null, createTime=null, updateTime=null)
[2021/02/25-23:53:24] [http-nio-9000-exec-10] [INFO ] [net.sjw.blog.service.impl.UserServiceImpl] : checkUser(不为空) ==> User(id=1340223085567127553, userName=czy2, password=null, roles=role_admin, avatar=https://my-avatar-guli.oss-cn-shenzhen.aliyuncs.com/2020/06/14/24ed6b3fded541d787b0561fa2ccd71801.gif, email=554@qq.com, sign=czy的blog，加油干出来啊哈哈哈哈哈哈哈, state=null, regIp=null, loginIp=null, createTime=null, updateTime=null)
[2021/02/25-23:53:24] [http-nio-9000-exec-3] [INFO ] [net.sjw.blog.service.impl.UserServiceImpl] : checkUser(不为空) ==> User(id=1340223085567127553, userName=czy2, password=null, roles=role_admin, avatar=https://my-avatar-guli.oss-cn-shenzhen.aliyuncs.com/2020/06/14/24ed6b3fded541d787b0561fa2ccd71801.gif, email=554@qq.com, sign=czy的blog，加油干出来啊哈哈哈哈哈哈哈, state=null, regIp=null, loginIp=null, createTime=null, updateTime=null)
[2021/02/25-23:53:24] [http-nio-9000-exec-4] [INFO ] [net.sjw.blog.service.impl.UserServiceImpl] : checkUser(不为空) ==> User(id=1340223085567127553, userName=czy2, password=null, roles=role_admin, avatar=https://my-avatar-guli.oss-cn-shenzhen.aliyuncs.com/2020/06/14/24ed6b3fded541d787b0561fa2ccd71801.gif, email=554@qq.com, sign=czy的blog，加油干出来啊哈哈哈哈哈哈哈, state=null, regIp=null, loginIp=null, createTime=null, updateTime=null)
[2021/02/25-23:53:24] [http-nio-9000-exec-10] [INFO ] [net.sjw.blog.service.impl.UserServiceImpl] : checkUser(不为空) ==> User(id=1340223085567127553, userName=czy2, password=null, roles=role_admin, avatar=https://my-avatar-guli.oss-cn-shenzhen.aliyuncs.com/2020/06/14/24ed6b3fded541d787b0561fa2ccd71801.gif, email=554@qq.com, sign=czy的blog，加油干出来啊哈哈哈哈哈哈哈, state=null, regIp=null, loginIp=null, createTime=null, updateTime=null)
[2021/02/25-23:53:24] [http-nio-9000-exec-3] [INFO ] [net.sjw.blog.service.impl.UserServiceImpl] : checkUser(不为空) ==> User(id=1340223085567127553, userName=czy2, password=null, roles=role_admin, avatar=https://my-avatar-guli.oss-cn-shenzhen.aliyuncs.com/2020/06/14/24ed6b3fded541d787b0561fa2ccd71801.gif, email=554@qq.com, sign=czy的blog，加油干出来啊哈哈哈哈哈哈哈, state=null, regIp=null, loginIp=null, createTime=null, updateTime=null)
[2021/02/25-23:54:06] [http-nio-9000-exec-2] [INFO ] [net.sjw.blog.service.impl.UserServiceImpl] : checkUser(不为空) ==> User(id=1340223085567127553, userName=czy2, password=null, roles=role_admin, avatar=https://my-avatar-guli.oss-cn-shenzhen.aliyuncs.com/2020/06/14/24ed6b3fded541d787b0561fa2ccd71801.gif, email=554@qq.com, sign=czy的blog，加油干出来啊哈哈哈哈哈哈哈, state=null, regIp=null, loginIp=null, createTime=null, updateTime=null)
[2021/02/25-23:54:07] [http-nio-9000-exec-9] [INFO ] [net.sjw.blog.service.impl.UserServiceImpl] : checkUser(不为空) ==> User(id=1340223085567127553, userName=czy2, password=null, roles=role_admin, avatar=https://my-avatar-guli.oss-cn-shenzhen.aliyuncs.com/2020/06/14/24ed6b3fded541d787b0561fa2ccd71801.gif, email=554@qq.com, sign=czy的blog，加油干出来啊哈哈哈哈哈哈哈, state=null, regIp=null, loginIp=null, createTime=null, updateTime=null)
[2021/02/25-23:54:07] [http-nio-9000-exec-8] [INFO ] [net.sjw.blog.service.impl.ImageServiceImpl] : type ==> jpeg
[2021/02/25-23:54:07] [http-nio-9000-exec-8] [INFO ] [net.sjw.blog.service.impl.ImageServiceImpl] : get image target path ==> D:\czy_blog_system_images\2021_01_11\jpeg\1348396973538934784.jpeg
[2021/02/25-23:54:11] [http-nio-9000-exec-6] [INFO ] [net.sjw.blog.service.impl.UserServiceImpl] : checkUser(不为空) ==> User(id=1340223085567127553, userName=czy2, password=null, roles=role_admin, avatar=https://my-avatar-guli.oss-cn-shenzhen.aliyuncs.com/2020/06/14/24ed6b3fded541d787b0561fa2ccd71801.gif, email=554@qq.com, sign=czy的blog，加油干出来啊哈哈哈哈哈哈哈, state=null, regIp=null, loginIp=null, createTime=null, updateTime=null)
[2021/02/25-23:54:11] [http-nio-9000-exec-7] [INFO ] [net.sjw.blog.service.impl.UserServiceImpl] : checkUser(不为空) ==> User(id=1340223085567127553, userName=czy2, password=null, roles=role_admin, avatar=https://my-avatar-guli.oss-cn-shenzhen.aliyuncs.com/2020/06/14/24ed6b3fded541d787b0561fa2ccd71801.gif, email=554@qq.com, sign=czy的blog，加油干出来啊哈哈哈哈哈哈哈, state=null, regIp=null, loginIp=null, createTime=null, updateTime=null)
[2021/02/25-23:54:11] [http-nio-9000-exec-5] [INFO ] [net.sjw.blog.service.impl.ImageServiceImpl] : type ==> jpeg
[2021/02/25-23:54:11] [http-nio-9000-exec-5] [INFO ] [net.sjw.blog.service.impl.ImageServiceImpl] : get image target path ==> D:\czy_blog_system_images\2020_12_19\jpeg\1340312561316265984.jpeg
[2021/02/25-23:54:11] [http-nio-9000-exec-4] [INFO ] [net.sjw.blog.service.impl.ImageServiceImpl] : type ==> jpeg
[2021/02/25-23:54:11] [http-nio-9000-exec-4] [INFO ] [net.sjw.blog.service.impl.ImageServiceImpl] : get image target path ==> D:\czy_blog_system_images\2020_12_19\jpeg\1340312338556780544.jpeg
[2021/02/25-23:54:17] [http-nio-9000-exec-10] [INFO ] [net.sjw.blog.service.impl.UserServiceImpl] : checkUser(不为空) ==> User(id=1340223085567127553, userName=czy2, password=null, roles=role_admin, avatar=https://my-avatar-guli.oss-cn-shenzhen.aliyuncs.com/2020/06/14/24ed6b3fded541d787b0561fa2ccd71801.gif, email=554@qq.com, sign=czy的blog，加油干出来啊哈哈哈哈哈哈哈, state=null, regIp=null, loginIp=null, createTime=null, updateTime=null)
[2021/02/25-23:54:17] [http-nio-9000-exec-3] [INFO ] [net.sjw.blog.service.impl.UserServiceImpl] : checkUser(不为空) ==> User(id=1340223085567127553, userName=czy2, password=null, roles=role_admin, avatar=https://my-avatar-guli.oss-cn-shenzhen.aliyuncs.com/2020/06/14/24ed6b3fded541d787b0561fa2ccd71801.gif, email=554@qq.com, sign=czy的blog，加油干出来啊哈哈哈哈哈哈哈, state=null, regIp=null, loginIp=null, createTime=null, updateTime=null)
[2021/02/25-23:54:17] [http-nio-9000-exec-2] [INFO ] [net.sjw.blog.service.impl.UserServiceImpl] : checkUser(不为空) ==> User(id=1340223085567127553, userName=czy2, password=null, roles=role_admin, avatar=https://my-avatar-guli.oss-cn-shenzhen.aliyuncs.com/2020/06/14/24ed6b3fded541d787b0561fa2ccd71801.gif, email=554@qq.com, sign=czy的blog，加油干出来啊哈哈哈哈哈哈哈, state=null, regIp=null, loginIp=null, createTime=null, updateTime=null)
[2021/02/25-23:54:17] [http-nio-9000-exec-1] [INFO ] [net.sjw.blog.service.impl.UserServiceImpl] : checkUser(不为空) ==> User(id=1340223085567127553, userName=czy2, password=null, roles=role_admin, avatar=https://my-avatar-guli.oss-cn-shenzhen.aliyuncs.com/2020/06/14/24ed6b3fded541d787b0561fa2ccd71801.gif, email=554@qq.com, sign=czy的blog，加油干出来啊哈哈哈哈哈哈哈, state=null, regIp=null, loginIp=null, createTime=null, updateTime=null)
[2021/02/25-23:54:17] [http-nio-9000-exec-6] [INFO ] [net.sjw.blog.service.impl.ImageServiceImpl] : type ==> jpeg
[2021/02/25-23:54:17] [http-nio-9000-exec-6] [INFO ] [net.sjw.blog.service.impl.ImageServiceImpl] : get image target path ==> D:\czy_blog_system_images\2020_12_19\jpeg\1340312561316265984.jpeg
[2021/02/25-23:54:17] [http-nio-9000-exec-8] [INFO ] [net.sjw.blog.service.impl.UserServiceImpl] : checkUser(不为空) ==> User(id=1340223085567127553, userName=czy2, password=null, roles=role_admin, avatar=https://my-avatar-guli.oss-cn-shenzhen.aliyuncs.com/2020/06/14/24ed6b3fded541d787b0561fa2ccd71801.gif, email=554@qq.com, sign=czy的blog，加油干出来啊哈哈哈哈哈哈哈, state=null, regIp=null, loginIp=null, createTime=null, updateTime=null)
[2021/02/25-23:54:17] [http-nio-9000-exec-9] [INFO ] [net.sjw.blog.service.impl.UserServiceImpl] : checkUser(不为空) ==> User(id=1340223085567127553, userName=czy2, password=null, roles=role_admin, avatar=https://my-avatar-guli.oss-cn-shenzhen.aliyuncs.com/2020/06/14/24ed6b3fded541d787b0561fa2ccd71801.gif, email=554@qq.com, sign=czy的blog，加油干出来啊哈哈哈哈哈哈哈, state=null, regIp=null, loginIp=null, createTime=null, updateTime=null)
[2021/02/25-23:54:17] [http-nio-9000-exec-7] [INFO ] [net.sjw.blog.service.impl.ImageServiceImpl] : type ==> jpeg
[2021/02/25-23:54:17] [http-nio-9000-exec-7] [INFO ] [net.sjw.blog.service.impl.ImageServiceImpl] : get image target path ==> D:\czy_blog_system_images\2020_12_19\jpeg\1340312338556780544.jpeg
[2021/02/25-23:54:17] [http-nio-9000-exec-2] [INFO ] [net.sjw.blog.service.impl.UserServiceImpl] : checkUser(不为空) ==> User(id=1340223085567127553, userName=czy2, password=null, roles=role_admin, avatar=https://my-avatar-guli.oss-cn-shenzhen.aliyuncs.com/2020/06/14/24ed6b3fded541d787b0561fa2ccd71801.gif, email=554@qq.com, sign=czy的blog，加油干出来啊哈哈哈哈哈哈哈, state=null, regIp=null, loginIp=null, createTime=null, updateTime=null)
[2021/02/25-23:54:17] [http-nio-9000-exec-1] [INFO ] [net.sjw.blog.service.impl.UserServiceImpl] : checkUser(不为空) ==> User(id=1340223085567127553, userName=czy2, password=null, roles=role_admin, avatar=https://my-avatar-guli.oss-cn-shenzhen.aliyuncs.com/2020/06/14/24ed6b3fded541d787b0561fa2ccd71801.gif, email=554@qq.com, sign=czy的blog，加油干出来啊哈哈哈哈哈哈哈, state=null, regIp=null, loginIp=null, createTime=null, updateTime=null)
[2021/02/25-23:54:17] [http-nio-9000-exec-8] [INFO ] [net.sjw.blog.service.impl.UserServiceImpl] : checkUser(不为空) ==> User(id=1340223085567127553, userName=czy2, password=null, roles=role_admin, avatar=https://my-avatar-guli.oss-cn-shenzhen.aliyuncs.com/2020/06/14/24ed6b3fded541d787b0561fa2ccd71801.gif, email=554@qq.com, sign=czy的blog，加油干出来啊哈哈哈哈哈哈哈, state=null, regIp=null, loginIp=null, createTime=null, updateTime=null)
[2021/02/25-23:54:17] [http-nio-9000-exec-9] [INFO ] [net.sjw.blog.service.impl.UserServiceImpl] : checkUser(不为空) ==> User(id=1340223085567127553, userName=czy2, password=null, roles=role_admin, avatar=https://my-avatar-guli.oss-cn-shenzhen.aliyuncs.com/2020/06/14/24ed6b3fded541d787b0561fa2ccd71801.gif, email=554@qq.com, sign=czy的blog，加油干出来啊哈哈哈哈哈哈哈, state=null, regIp=null, loginIp=null, createTime=null, updateTime=null)
[2021/02/25-23:54:27] [http-nio-9000-exec-4] [INFO ] [net.sjw.blog.service.impl.UserServiceImpl] : checkUser(不为空) ==> User(id=1340223085567127553, userName=czy2, password=null, roles=role_admin, avatar=https://my-avatar-guli.oss-cn-shenzhen.aliyuncs.com/2020/06/14/24ed6b3fded541d787b0561fa2ccd71801.gif, email=554@qq.com, sign=czy的blog，加油干出来啊哈哈哈哈哈哈哈, state=null, regIp=null, loginIp=null, createTime=null, updateTime=null)
[2021/02/25-23:54:28] [http-nio-9000-exec-5] [INFO ] [net.sjw.blog.service.impl.UserServiceImpl] : checkUser(不为空) ==> User(id=1340223085567127553, userName=czy2, password=null, roles=role_admin, avatar=https://my-avatar-guli.oss-cn-shenzhen.aliyuncs.com/2020/06/14/24ed6b3fded541d787b0561fa2ccd71801.gif, email=554@qq.com, sign=czy的blog，加油干出来啊哈哈哈哈哈哈哈, state=null, regIp=null, loginIp=null, createTime=null, updateTime=null)
[2021/02/25-23:54:34] [http-nio-9000-exec-3] [INFO ] [net.sjw.blog.service.impl.UserServiceImpl] : captcha font type ==> 4
[2021/02/25-23:54:45] [http-nio-9000-exec-1] [INFO ] [net.sjw.blog.service.impl.UserServiceImpl] : captcha font type ==> 3
[2021/02/25-23:54:51] [http-nio-9000-exec-9] [INFO ] [net.sjw.blog.service.impl.UserServiceImpl] : captcha font type ==> 3
[2021/02/25-23:54:51] [http-nio-9000-exec-7] [INFO ] [net.sjw.blog.service.impl.UserServiceImpl] : checkUser(不为空) ==> User(id=1340309806199713794, userName=czy, password=null, roles=role_admin, avatar=http://localhost:9000/portal/image/1610317865153_1348396973538934784.jpeg, email=1183728554@qq.com, sign=试试修改签名, state=null, regIp=null, loginIp=null, createTime=null, updateTime=null)
[2021/02/25-23:54:51] [http-nio-9000-exec-6] [INFO ] [net.sjw.blog.service.impl.ImageServiceImpl] : type ==> jpeg
[2021/02/25-23:54:51] [http-nio-9000-exec-6] [INFO ] [net.sjw.blog.service.impl.ImageServiceImpl] : get image target path ==> D:\czy_blog_system_images\2021_01_11\jpeg\1348396973538934784.jpeg
[2021/02/25-23:54:52] [http-nio-9000-exec-4] [INFO ] [net.sjw.blog.service.impl.UserServiceImpl] : checkUser(不为空) ==> User(id=1340309806199713794, userName=czy, password=null, roles=role_admin, avatar=http://localhost:9000/portal/image/1610317865153_1348396973538934784.jpeg, email=1183728554@qq.com, sign=试试修改签名, state=null, regIp=null, loginIp=null, createTime=null, updateTime=null)
[2021/02/25-23:54:52] [http-nio-9000-exec-4] [INFO ] [net.sjw.blog.service.impl.UserServiceImpl] : 35.0%
[2021/02/25-23:54:59] [http-nio-9000-exec-10] [INFO ] [net.sjw.blog.service.impl.UserServiceImpl] : checkUser(不为空) ==> User(id=1340309806199713794, userName=czy, password=null, roles=role_admin, avatar=http://localhost:9000/portal/image/1610317865153_1348396973538934784.jpeg, email=1183728554@qq.com, sign=试试修改签名, state=null, regIp=null, loginIp=null, createTime=null, updateTime=null)
[2021/02/25-23:55:00] [http-nio-9000-exec-3] [INFO ] [net.sjw.blog.service.impl.UserServiceImpl] : checkUser(不为空) ==> User(id=1340309806199713794, userName=czy, password=null, roles=role_admin, avatar=http://localhost:9000/portal/image/1610317865153_1348396973538934784.jpeg, email=1183728554@qq.com, sign=试试修改签名, state=null, regIp=null, loginIp=null, createTime=null, updateTime=null)
[2021/02/25-23:55:00] [http-nio-9000-exec-3] [INFO ] [net.sjw.blog.service.impl.UserServiceImpl] : checkUser(不为空) ==> User(id=1340309806199713794, userName=czy, password=null, roles=role_admin, avatar=http://localhost:9000/portal/image/1610317865153_1348396973538934784.jpeg, email=1183728554@qq.com, sign=试试修改签名, state=null, regIp=null, loginIp=null, createTime=null, updateTime=null)
[2021/02/25-23:55:03] [http-nio-9000-exec-2] [INFO ] [net.sjw.blog.service.impl.UserServiceImpl] : checkUser(不为空) ==> User(id=1340309806199713794, userName=czy, password=null, roles=role_admin, avatar=http://localhost:9000/portal/image/1610317865153_1348396973538934784.jpeg, email=1183728554@qq.com, sign=试试修改签名, state=null, regIp=null, loginIp=null, createTime=null, updateTime=null)
[2021/02/25-23:55:03] [http-nio-9000-exec-2] [INFO ] [net.sjw.blog.service.impl.UserServiceImpl] : checkUser(不为空) ==> User(id=1340309806199713794, userName=czy, password=null, roles=role_admin, avatar=http://localhost:9000/portal/image/1610317865153_1348396973538934784.jpeg, email=1183728554@qq.com, sign=试试修改签名, state=null, regIp=null, loginIp=null, createTime=null, updateTime=null)
[2021/02/25-23:55:03] [http-nio-9000-exec-1] [INFO ] [net.sjw.blog.service.impl.ImageServiceImpl] : type ==> jpeg
[2021/02/25-23:55:03] [http-nio-9000-exec-8] [INFO ] [net.sjw.blog.service.impl.ImageServiceImpl] : type ==> jpeg
[2021/02/25-23:55:03] [http-nio-9000-exec-8] [INFO ] [net.sjw.blog.service.impl.ImageServiceImpl] : get image target path ==> D:\czy_blog_system_images\2021_01_11\jpeg\1348381142444670976.jpeg
[2021/02/25-23:55:03] [http-nio-9000-exec-1] [INFO ] [net.sjw.blog.service.impl.ImageServiceImpl] : get image target path ==> D:\czy_blog_system_images\2021_01_11\jpeg\1348396973538934784.jpeg
[2021/02/25-23:55:03] [http-nio-9000-exec-6] [INFO ] [net.sjw.blog.service.impl.ImageServiceImpl] : type ==> jpeg
[2021/02/25-23:55:03] [http-nio-9000-exec-9] [INFO ] [net.sjw.blog.service.impl.ImageServiceImpl] : type ==> jpeg
[2021/02/25-23:55:03] [http-nio-9000-exec-7] [INFO ] [net.sjw.blog.service.impl.ImageServiceImpl] : type ==> jpeg
[2021/02/25-23:55:03] [http-nio-9000-exec-7] [INFO ] [net.sjw.blog.service.impl.ImageServiceImpl] : get image target path ==> D:\czy_blog_system_images\2021_01_10\jpeg\1348093119895175168.jpeg
[2021/02/25-23:55:03] [http-nio-9000-exec-9] [INFO ] [net.sjw.blog.service.impl.ImageServiceImpl] : get image target path ==> D:\czy_blog_system_images\2021_01_10\jpeg\1348093118972428288.jpeg
[2021/02/25-23:55:03] [http-nio-9000-exec-6] [INFO ] [net.sjw.blog.service.impl.ImageServiceImpl] : get image target path ==> D:\czy_blog_system_images\2021_01_07\jpeg\1347100324975869952.jpeg
[2021/02/25-23:55:03] [http-nio-9000-exec-5] [INFO ] [net.sjw.blog.service.impl.ImageServiceImpl] : type ==> jpeg
[2021/02/25-23:55:03] [http-nio-9000-exec-5] [INFO ] [net.sjw.blog.service.impl.ImageServiceImpl] : get image target path ==> D:\czy_blog_system_images\2021_01_07\jpeg\1347099353004638208.jpeg
[2021/02/25-23:55:03] [http-nio-9000-exec-4] [INFO ] [net.sjw.blog.service.impl.ImageServiceImpl] : type ==> jpeg
[2021/02/25-23:55:03] [http-nio-9000-exec-4] [INFO ] [net.sjw.blog.service.impl.ImageServiceImpl] : get image target path ==> D:\czy_blog_system_images\2021_01_07\jpeg\1347098364604317696.jpeg
[2021/02/25-23:55:03] [http-nio-9000-exec-10] [INFO ] [net.sjw.blog.service.impl.ImageServiceImpl] : type ==> jpeg
[2021/02/25-23:55:03] [http-nio-9000-exec-10] [INFO ] [net.sjw.blog.service.impl.ImageServiceImpl] : get image target path ==> D:\czy_blog_system_images\2021_01_07\jpeg\1347098338163425280.jpeg
[2021/02/25-23:55:04] [http-nio-9000-exec-3] [INFO ] [net.sjw.blog.service.impl.ImageServiceImpl] : type ==> jpeg
[2021/02/25-23:55:04] [http-nio-9000-exec-3] [INFO ] [net.sjw.blog.service.impl.ImageServiceImpl] : get image target path ==> D:\czy_blog_system_images\2021_01_07\jpeg\1347097891813982208.jpeg
[2021/02/25-23:55:04] [http-nio-9000-exec-2] [INFO ] [net.sjw.blog.service.impl.ImageServiceImpl] : type ==> jpeg
[2021/02/25-23:55:04] [http-nio-9000-exec-2] [INFO ] [net.sjw.blog.service.impl.ImageServiceImpl] : get image target path ==> D:\czy_blog_system_images\2021_01_07\jpeg\1347097315248177152.jpeg
[2021/02/25-23:55:04] [http-nio-9000-exec-1] [INFO ] [net.sjw.blog.service.impl.ImageServiceImpl] : type ==> jpeg
[2021/02/25-23:55:04] [http-nio-9000-exec-1] [INFO ] [net.sjw.blog.service.impl.ImageServiceImpl] : get image target path ==> D:\czy_blog_system_images\2020_12_19\jpeg\1340312561316265984.jpeg
[2021/02/25-23:55:05] [http-nio-9000-exec-8] [INFO ] [net.sjw.blog.service.impl.ImageServiceImpl] : type ==> jpeg
[2021/02/25-23:55:05] [http-nio-9000-exec-8] [INFO ] [net.sjw.blog.service.impl.ImageServiceImpl] : get image target path ==> D:\czy_blog_system_images\2020_12_19\jpeg\1340312338556780544.jpeg
[2021/02/25-23:55:05] [http-nio-9000-exec-10] [INFO ] [net.sjw.blog.service.impl.ImageServiceImpl] : type ==> jpeg
[2021/02/25-23:55:05] [http-nio-9000-exec-10] [INFO ] [net.sjw.blog.service.impl.ImageServiceImpl] : get image target path ==> D:\czy_blog_system_images\2020_12_19\jpeg\1340312107031199744.jpeg
[2021/02/25-23:55:05] [http-nio-9000-exec-7] [INFO ] [net.sjw.blog.service.impl.ImageServiceImpl] : type ==> jpeg
[2021/02/25-23:55:05] [http-nio-9000-exec-7] [INFO ] [net.sjw.blog.service.impl.ImageServiceImpl] : get image target path ==> D:\czy_blog_system_images\2020_12_19\jpeg\1340312108130107392.jpeg
[2021/02/25-23:55:05] [http-nio-9000-exec-5] [INFO ] [net.sjw.blog.service.impl.ImageServiceImpl] : type ==> jpeg
[2021/02/25-23:55:05] [http-nio-9000-exec-5] [INFO ] [net.sjw.blog.service.impl.ImageServiceImpl] : get image target path ==> D:\czy_blog_system_images\2020_12_19\jpeg\1340312108167856128.jpeg
[2021/02/25-23:56:02] [http-nio-9000-exec-1] [INFO ] [net.sjw.blog.service.impl.UserServiceImpl] : checkUser(不为空) ==> User(id=1340309806199713794, userName=czy, password=null, roles=role_admin, avatar=http://localhost:9000/portal/image/1610317865153_1348396973538934784.jpeg, email=1183728554@qq.com, sign=试试修改签名, state=null, regIp=null, loginIp=null, createTime=null, updateTime=null)
[2021/02/25-23:56:02] [http-nio-9000-exec-1] [INFO ] [net.sjw.blog.service.impl.UserServiceImpl] : checkUser(不为空) ==> User(id=1340309806199713794, userName=czy, password=null, roles=role_admin, avatar=http://localhost:9000/portal/image/1610317865153_1348396973538934784.jpeg, email=1183728554@qq.com, sign=试试修改签名, state=null, regIp=null, loginIp=null, createTime=null, updateTime=null)
[2021/02/25-23:56:02] [http-nio-9000-exec-8] [INFO ] [net.sjw.blog.service.impl.ImageServiceImpl] : type ==> jpeg
[2021/02/25-23:56:02] [http-nio-9000-exec-8] [INFO ] [net.sjw.blog.service.impl.ImageServiceImpl] : get image target path ==> D:\czy_blog_system_images\2020_12_19\jpeg\1340312108377571328.jpeg
[2021/02/25-23:56:04] [http-nio-9000-exec-9] [INFO ] [net.sjw.blog.service.impl.UserServiceImpl] : checkUser(不为空) ==> User(id=1340309806199713794, userName=czy, password=null, roles=role_admin, avatar=http://localhost:9000/portal/image/1610317865153_1348396973538934784.jpeg, email=1183728554@qq.com, sign=试试修改签名, state=null, regIp=null, loginIp=null, createTime=null, updateTime=null)
[2021/02/25-23:56:04] [http-nio-9000-exec-9] [INFO ] [net.sjw.blog.service.impl.UserServiceImpl] : checkUser(不为空) ==> User(id=1340309806199713794, userName=czy, password=null, roles=role_admin, avatar=http://localhost:9000/portal/image/1610317865153_1348396973538934784.jpeg, email=1183728554@qq.com, sign=试试修改签名, state=null, regIp=null, loginIp=null, createTime=null, updateTime=null)
[2021/02/25-23:56:04] [http-nio-9000-exec-7] [INFO ] [net.sjw.blog.service.impl.ImageServiceImpl] : type ==> jpeg
[2021/02/25-23:56:04] [http-nio-9000-exec-5] [INFO ] [net.sjw.blog.service.impl.ImageServiceImpl] : type ==> jpeg
[2021/02/25-23:56:04] [http-nio-9000-exec-6] [INFO ] [net.sjw.blog.service.impl.ImageServiceImpl] : type ==> jpeg
[2021/02/25-23:56:04] [http-nio-9000-exec-7] [INFO ] [net.sjw.blog.service.impl.ImageServiceImpl] : get image target path ==> D:\czy_blog_system_images\2021_01_07\jpeg\1347100324975869952.jpeg
[2021/02/25-23:56:04] [http-nio-9000-exec-5] [INFO ] [net.sjw.blog.service.impl.ImageServiceImpl] : get image target path ==> D:\czy_blog_system_images\2021_01_10\jpeg\1348093119895175168.jpeg
[2021/02/25-23:56:04] [http-nio-9000-exec-2] [INFO ] [net.sjw.blog.service.impl.ImageServiceImpl] : type ==> jpeg
[2021/02/25-23:56:04] [http-nio-9000-exec-6] [INFO ] [net.sjw.blog.service.impl.ImageServiceImpl] : get image target path ==> D:\czy_blog_system_images\2021_01_11\jpeg\1348381142444670976.jpeg
[2021/02/25-23:56:04] [http-nio-9000-exec-2] [INFO ] [net.sjw.blog.service.impl.ImageServiceImpl] : get image target path ==> D:\czy_blog_system_images\2021_01_10\jpeg\1348093118972428288.jpeg
[2021/02/25-23:56:04] [http-nio-9000-exec-4] [INFO ] [net.sjw.blog.service.impl.ImageServiceImpl] : type ==> jpeg
[2021/02/25-23:56:04] [http-nio-9000-exec-4] [INFO ] [net.sjw.blog.service.impl.ImageServiceImpl] : get image target path ==> D:\czy_blog_system_images\2021_01_07\jpeg\1347099353004638208.jpeg
[2021/02/25-23:56:04] [http-nio-9000-exec-10] [INFO ] [net.sjw.blog.service.impl.ImageServiceImpl] : type ==> jpeg
[2021/02/25-23:56:04] [http-nio-9000-exec-10] [INFO ] [net.sjw.blog.service.impl.ImageServiceImpl] : get image target path ==> D:\czy_blog_system_images\2021_01_07\jpeg\1347098364604317696.jpeg
[2021/02/25-23:56:04] [http-nio-9000-exec-3] [INFO ] [net.sjw.blog.service.impl.ImageServiceImpl] : type ==> jpeg
[2021/02/25-23:56:04] [http-nio-9000-exec-3] [INFO ] [net.sjw.blog.service.impl.ImageServiceImpl] : get image target path ==> D:\czy_blog_system_images\2021_01_07\jpeg\1347098338163425280.jpeg
[2021/02/25-23:56:04] [http-nio-9000-exec-1] [INFO ] [net.sjw.blog.service.impl.ImageServiceImpl] : type ==> jpeg
[2021/02/25-23:56:04] [http-nio-9000-exec-1] [INFO ] [net.sjw.blog.service.impl.ImageServiceImpl] : get image target path ==> D:\czy_blog_system_images\2020_12_19\jpeg\1340312561316265984.jpeg
[2021/02/25-23:56:04] [http-nio-9000-exec-8] [INFO ] [net.sjw.blog.service.impl.ImageServiceImpl] : type ==> jpeg
[2021/02/25-23:56:04] [http-nio-9000-exec-8] [INFO ] [net.sjw.blog.service.impl.ImageServiceImpl] : get image target path ==> D:\czy_blog_system_images\2020_12_19\jpeg\1340312108167856128.jpeg
[2021/02/25-23:56:04] [http-nio-9000-exec-9] [INFO ] [net.sjw.blog.service.impl.ImageServiceImpl] : type ==> jpeg
[2021/02/25-23:56:04] [http-nio-9000-exec-9] [INFO ] [net.sjw.blog.service.impl.ImageServiceImpl] : get image target path ==> D:\czy_blog_system_images\2020_12_19\jpeg\1340312108130107392.jpeg
[2021/02/25-23:56:04] [http-nio-9000-exec-7] [INFO ] [net.sjw.blog.service.impl.ImageServiceImpl] : type ==> jpeg
[2021/02/25-23:56:04] [http-nio-9000-exec-7] [INFO ] [net.sjw.blog.service.impl.ImageServiceImpl] : get image target path ==> D:\czy_blog_system_images\2021_01_07\jpeg\1347097315248177152.jpeg
[2021/02/25-23:56:05] [http-nio-9000-exec-4] [INFO ] [net.sjw.blog.service.impl.ImageServiceImpl] : type ==> jpeg
[2021/02/25-23:56:05] [http-nio-9000-exec-4] [INFO ] [net.sjw.blog.service.impl.ImageServiceImpl] : get image target path ==> D:\czy_blog_system_images\2021_01_07\jpeg\1347097891813982208.jpeg
[2021/02/25-23:56:05] [http-nio-9000-exec-5] [INFO ] [net.sjw.blog.service.impl.ImageServiceImpl] : type ==> jpeg
[2021/02/25-23:56:05] [http-nio-9000-exec-6] [INFO ] [net.sjw.blog.service.impl.ImageServiceImpl] : type ==> jpeg
[2021/02/25-23:56:05] [http-nio-9000-exec-5] [INFO ] [net.sjw.blog.service.impl.ImageServiceImpl] : get image target path ==> D:\czy_blog_system_images\2020_12_19\jpeg\1340312338556780544.jpeg
[2021/02/25-23:56:05] [http-nio-9000-exec-6] [INFO ] [net.sjw.blog.service.impl.ImageServiceImpl] : get image target path ==> D:\czy_blog_system_images\2020_12_19\jpeg\1340312107031199744.jpeg
[2021/02/25-23:56:05] [http-nio-9000-exec-10] [INFO ] [net.sjw.blog.service.impl.ImageServiceImpl] : type ==> jpeg
[2021/02/25-23:56:05] [http-nio-9000-exec-10] [INFO ] [net.sjw.blog.service.impl.ImageServiceImpl] : get image target path ==> D:\czy_blog_system_images\2021_01_11\jpeg\1348396973538934784.jpeg
