[2021/02/26-00:16:02] [http-nio-9000-exec-5] [INFO ] [net.sjw.blog.service.impl.ImageServiceImpl] : type ==> jpeg
[2021/02/26-00:16:02] [http-nio-9000-exec-5] [INFO ] [net.sjw.blog.service.impl.ImageServiceImpl] : get image target path ==> D:\czy_blog_system_images\2020_12_19\jpeg\1340312338556780544.jpeg
[2021/02/26-00:16:02] [http-nio-9000-exec-10] [INFO ] [net.sjw.blog.service.impl.ImageServiceImpl] : type ==> jpeg
[2021/02/26-00:16:02] [http-nio-9000-exec-10] [INFO ] [net.sjw.blog.service.impl.ImageServiceImpl] : get image target path ==> D:\czy_blog_system_images\2021_01_11\jpeg\1348381142444670976.jpeg
[2021/02/26-00:16:24] [http-nio-9000-exec-6] [INFO ] [net.sjw.blog.service.impl.UserServiceImpl] : captcha font type ==> 7
[2021/02/26-15:56:40] [http-nio-9000-exec-2] [INFO ] [net.sjw.blog.service.impl.UserServiceImpl] : captcha font type ==> 6
[2021/02/26-15:56:44] [http-nio-9000-exec-1] [INFO ] [net.sjw.blog.service.impl.UserServiceImpl] : captcha font type ==> 7
[2021/02/26-15:56:44] [http-nio-9000-exec-9] [INFO ] [net.sjw.blog.service.impl.UserServiceImpl] : captcha font type ==> 3
[2021/02/26-15:56:44] [http-nio-9000-exec-7] [INFO ] [net.sjw.blog.service.impl.UserServiceImpl] : captcha font type ==> 1
[2021/02/26-15:56:44] [http-nio-9000-exec-4] [INFO ] [net.sjw.blog.service.impl.UserServiceImpl] : captcha font type ==> 6
[2021/02/26-15:56:44] [http-nio-9000-exec-5] [INFO ] [net.sjw.blog.service.impl.UserServiceImpl] : captcha font type ==> 5
[2021/02/26-15:56:44] [http-nio-9000-exec-10] [INFO ] [net.sjw.blog.service.impl.UserServiceImpl] : captcha font type ==> 7
[2021/02/26-15:56:55] [http-nio-9000-exec-6] [INFO ] [net.sjw.blog.service.impl.UserServiceImpl] : captcha font type ==> 5
[2021/02/26-15:56:56] [http-nio-9000-exec-3] [INFO ] [net.sjw.blog.service.impl.UserServiceImpl] : captcha font type ==> 5
[2021/02/26-15:56:56] [http-nio-9000-exec-8] [INFO ] [net.sjw.blog.service.impl.UserServiceImpl] : captcha font type ==> 2
[2021/02/26-15:56:56] [http-nio-9000-exec-2] [INFO ] [net.sjw.blog.service.impl.UserServiceImpl] : captcha font type ==> 6
[2021/02/26-15:56:56] [http-nio-9000-exec-1] [INFO ] [net.sjw.blog.service.impl.UserServiceImpl] : captcha font type ==> 7
[2021/02/26-15:56:57] [http-nio-9000-exec-9] [INFO ] [net.sjw.blog.service.impl.UserServiceImpl] : captcha font type ==> 2
[2021/02/26-15:57:13] [http-nio-9000-exec-7] [INFO ] [net.sjw.blog.service.impl.UserServiceImpl] : captcha font type ==> 0
[2021/02/26-16:16:47] [http-nio-9000-exec-5] [INFO ] [net.sjw.blog.service.impl.UserServiceImpl] : captcha font type ==> 5
[2021/02/26-16:32:12] [http-nio-9000-exec-6] [INFO ] [net.sjw.blog.service.impl.UserServiceImpl] : captcha font type ==> 6
[2021/02/26-16:32:18] [http-nio-9000-exec-3] [INFO ] [net.sjw.blog.service.impl.UserServiceImpl] : captcha font type ==> 5
[2021/02/26-16:32:18] [http-nio-9000-exec-8] [INFO ] [net.sjw.blog.service.impl.UserServiceImpl] : captcha font type ==> 4
[2021/02/26-16:32:18] [http-nio-9000-exec-2] [INFO ] [net.sjw.blog.service.impl.UserServiceImpl] : captcha font type ==> 4
[2021/02/26-16:32:19] [http-nio-9000-exec-1] [INFO ] [net.sjw.blog.service.impl.UserServiceImpl] : captcha font type ==> 7
[2021/02/26-16:32:19] [http-nio-9000-exec-9] [INFO ] [net.sjw.blog.service.impl.UserServiceImpl] : captcha font type ==> 5
[2021/02/26-16:32:57] [http-nio-9000-exec-7] [INFO ] [net.sjw.blog.service.impl.UserServiceImpl] : captcha font type ==> 2
[2021/02/26-16:32:57] [http-nio-9000-exec-4] [INFO ] [net.sjw.blog.service.impl.UserServiceImpl] : captcha font type ==> 7
[2021/02/26-16:32:58] [http-nio-9000-exec-5] [INFO ] [net.sjw.blog.service.impl.UserServiceImpl] : captcha font type ==> 5
[2021/02/26-16:33:04] [http-nio-9000-exec-10] [INFO ] [net.sjw.blog.service.impl.UserServiceImpl] : captcha font type ==> 1
[2021/02/26-16:35:21] [http-nio-9000-exec-3] [INFO ] [net.sjw.blog.service.impl.UserServiceImpl] : captcha font type ==> 6
[2021/02/26-16:35:24] [http-nio-9000-exec-8] [INFO ] [net.sjw.blog.service.impl.UserServiceImpl] : captcha font type ==> 0
[2021/02/26-16:35:36] [http-nio-9000-exec-2] [INFO ] [net.sjw.blog.service.impl.UserServiceImpl] : captcha font type ==> 0
[2021/02/26-16:35:43] [http-nio-9000-exec-1] [INFO ] [net.sjw.blog.service.impl.UserServiceImpl] : captcha font type ==> 3
[2021/02/26-16:35:52] [http-nio-9000-exec-9] [INFO ] [net.sjw.blog.service.impl.UserServiceImpl] : captcha font type ==> 7
[2021/02/26-16:38:59] [http-nio-9000-exec-4] [INFO ] [net.sjw.blog.service.impl.UserServiceImpl] : captcha font type ==> 7
[2021/02/26-16:39:13] [http-nio-9000-exec-5] [INFO ] [net.sjw.blog.service.impl.UserServiceImpl] : captcha font type ==> 5
[2021/02/26-16:39:14] [http-nio-9000-exec-10] [INFO ] [net.sjw.blog.service.impl.UserServiceImpl] : captcha font type ==> 0
[2021/02/26-16:39:14] [http-nio-9000-exec-6] [INFO ] [net.sjw.blog.service.impl.UserServiceImpl] : captcha font type ==> 2
[2021/02/26-16:39:15] [http-nio-9000-exec-3] [INFO ] [net.sjw.blog.service.impl.UserServiceImpl] : captcha font type ==> 5
[2021/02/26-16:39:15] [http-nio-9000-exec-8] [INFO ] [net.sjw.blog.service.impl.UserServiceImpl] : captcha font type ==> 5
[2021/02/26-16:39:16] [http-nio-9000-exec-2] [INFO ] [net.sjw.blog.service.impl.UserServiceImpl] : captcha font type ==> 1
[2021/02/26-16:39:20] [http-nio-9000-exec-1] [INFO ] [net.sjw.blog.service.impl.UserServiceImpl] : captcha font type ==> 2
[2021/02/26-16:47:16] [http-nio-9000-exec-7] [INFO ] [net.sjw.blog.service.impl.UserServiceImpl] : captcha font type ==> 1
[2021/02/26-16:47:18] [http-nio-9000-exec-4] [INFO ] [net.sjw.blog.service.impl.UserServiceImpl] : captcha font type ==> 7
[2021/02/26-17:04:36] [http-nio-9000-exec-10] [INFO ] [net.sjw.blog.service.impl.UserServiceImpl] : captcha font type ==> 7
[2021/02/26-17:05:09] [http-nio-9000-exec-6] [INFO ] [net.sjw.blog.service.impl.UserServiceImpl] : captcha font type ==> 5
[2021/02/26-17:16:33] [http-nio-9000-exec-8] [INFO ] [net.sjw.blog.service.impl.UserServiceImpl] : captcha font type ==> 6
[2021/02/26-17:16:53] [http-nio-9000-exec-9] [INFO ] [net.sjw.blog.service.impl.UserServiceImpl] : captcha font type ==> 6
[2021/02/26-17:41:23] [http-nio-9000-exec-10] [INFO ] [net.sjw.blog.service.impl.UserServiceImpl] : captcha font type ==> 3
[2021/02/26-17:41:55] [http-nio-9000-exec-6] [INFO ] [net.sjw.blog.service.impl.UserServiceImpl] : captcha font type ==> 3
[2021/02/26-17:41:56] [http-nio-9000-exec-8] [INFO ] [net.sjw.blog.service.impl.UserServiceImpl] : captcha font type ==> 7
[2021/02/26-17:41:56] [http-nio-9000-exec-4] [INFO ] [net.sjw.blog.service.impl.UserServiceImpl] : captcha font type ==> 7
[2021/02/26-17:41:56] [http-nio-9000-exec-2] [INFO ] [net.sjw.blog.service.impl.UserServiceImpl] : captcha font type ==> 2
[2021/02/26-20:39:05] [http-nio-9000-exec-1] [INFO ] [net.sjw.blog.service.impl.ArticleServiceImpl] : article from mysql ...
[2021/02/26-20:39:05] [http-nio-9000-exec-9] [INFO ] [net.sjw.blog.service.impl.UserServiceImpl] : checkUser token ==> null
[2021/02/26-20:39:06] [http-nio-9000-exec-3] [INFO ] [net.sjw.blog.service.impl.ImageServiceImpl] : type ==> jpeg
[2021/02/26-20:39:06] [http-nio-9000-exec-1] [INFO ] [net.sjw.blog.service.impl.ImageServiceImpl] : type ==> jpeg
[2021/02/26-20:39:06] [http-nio-9000-exec-3] [INFO ] [net.sjw.blog.service.impl.ImageServiceImpl] : get image target path ==> D:\czy_blog_system_images\2021_01_11\jpeg\1348381142444670976.jpeg
[2021/02/26-20:39:06] [http-nio-9000-exec-1] [INFO ] [net.sjw.blog.service.impl.ImageServiceImpl] : get image target path ==> D:\czy_blog_system_images\2020_12_19\jpeg\1340312338556780544.jpeg
[2021/02/26-20:39:07] [http-nio-9000-exec-7] [INFO ] [net.sjw.blog.service.impl.ImageServiceImpl] : type ==> jpeg
[2021/02/26-20:39:07] [http-nio-9000-exec-7] [INFO ] [net.sjw.blog.service.impl.ImageServiceImpl] : get image target path ==> D:\czy_blog_system_images\2021_01_11\jpeg\1348396973538934784.jpeg
[2021/02/26-20:39:08] [http-nio-9000-exec-5] [INFO ] [net.sjw.blog.service.impl.UserServiceImpl] : 存在refreshToken 解析refreshToken
[2021/02/26-20:39:08] [http-nio-9000-exec-5] [INFO ] [net.sjw.blog.service.impl.UserServiceImpl] : 409行  createTokenKeyp_ebec3e195ce4bbbf46fc3985792e13c2
[2021/02/26-20:39:08] [http-nio-9000-exec-10] [INFO ] [net.sjw.blog.service.impl.ImageServiceImpl] : type ==> jpeg
[2021/02/26-20:39:08] [http-nio-9000-exec-10] [INFO ] [net.sjw.blog.service.impl.ImageServiceImpl] : get image target path ==> D:\czy_blog_system_images\2021_01_11\jpeg\1348396973538934784.jpeg
[2021/02/26-21:03:08] [http-nio-9000-exec-2] [INFO ] [net.sjw.blog.service.impl.UserServiceImpl] : checkUser(不为空) ==> User(id=1340309806199713794, userName=czy, password=null, roles=role_admin, avatar=http://localhost:9000/portal/image/1610317865153_1348396973538934784.jpeg, email=1183728554@qq.com, sign=试试修改签名, state=null, regIp=null, loginIp=null, createTime=null, updateTime=null)
[2021/02/26-21:03:09] [http-nio-9000-exec-1] [INFO ] [net.sjw.blog.service.impl.ImageServiceImpl] : type ==> jpeg
[2021/02/26-21:03:09] [http-nio-9000-exec-1] [INFO ] [net.sjw.blog.service.impl.ImageServiceImpl] : get image target path ==> D:\czy_blog_system_images\2021_01_11\jpeg\1348396973538934784.jpeg
[2021/02/26-21:03:09] [http-nio-9000-exec-3] [INFO ] [net.sjw.blog.service.impl.UserServiceImpl] : checkUser(不为空) ==> User(id=1340309806199713794, userName=czy, password=null, roles=role_admin, avatar=http://localhost:9000/portal/image/1610317865153_1348396973538934784.jpeg, email=1183728554@qq.com, sign=试试修改签名, state=null, regIp=null, loginIp=null, createTime=null, updateTime=null)
[2021/02/26-21:03:09] [http-nio-9000-exec-3] [INFO ] [net.sjw.blog.service.impl.UserServiceImpl] : 34.6%
[2021/02/26-21:03:15] [http-nio-9000-exec-7] [INFO ] [net.sjw.blog.service.impl.UserServiceImpl] : checkUser(不为空) ==> User(id=1340309806199713794, userName=czy, password=null, roles=role_admin, avatar=http://localhost:9000/portal/image/1610317865153_1348396973538934784.jpeg, email=1183728554@qq.com, sign=试试修改签名, state=null, regIp=null, loginIp=null, createTime=null, updateTime=null)
[2021/02/26-21:03:15] [http-nio-9000-exec-7] [INFO ] [net.sjw.blog.service.impl.UserServiceImpl] : 22.1%
[2021/02/26-21:03:18] [http-nio-9000-exec-5] [INFO ] [net.sjw.blog.service.impl.UserServiceImpl] : checkUser(不为空) ==> User(id=1340309806199713794, userName=czy, password=null, roles=role_admin, avatar=http://localhost:9000/portal/image/1610317865153_1348396973538934784.jpeg, email=1183728554@qq.com, sign=试试修改签名, state=null, regIp=null, loginIp=null, createTime=null, updateTime=null)
[2021/02/26-21:03:18] [http-nio-9000-exec-5] [INFO ] [net.sjw.blog.service.impl.UserServiceImpl] : 19.3%
[2021/02/26-21:11:23] [http-nio-9000-exec-6] [INFO ] [net.sjw.blog.service.impl.ImageServiceImpl] : type ==> jpeg
[2021/02/26-21:11:23] [http-nio-9000-exec-6] [INFO ] [net.sjw.blog.service.impl.ImageServiceImpl] : get image target path ==> D:\czy_blog_system_images\2021_02_26\jpeg\1365288353699725312.jpeg
[2021/02/26-21:11:33] [http-nio-9000-exec-8] [INFO ] [net.sjw.blog.service.impl.ImageServiceImpl] : type ==> jpeg
[2021/02/26-21:11:33] [http-nio-9000-exec-8] [INFO ] [net.sjw.blog.service.impl.ImageServiceImpl] : get image target path ==> D:\czy_blog_system_images\2021_02_26\jpeg\1365288353699725312.jpeg
[2021/02/26-21:16:00] [http-nio-9000-exec-2] [INFO ] [net.sjw.blog.service.impl.ImageServiceImpl] : type ==> jpeg
[2021/02/26-21:16:00] [http-nio-9000-exec-2] [INFO ] [net.sjw.blog.service.impl.ImageServiceImpl] : get image target path ==> D:\czy_blog_system_images\2021_02_26\jpeg\1365288353699725312.jpeg
[2021/02/26-21:16:02] [http-nio-9000-exec-1] [INFO ] [net.sjw.blog.service.impl.ImageServiceImpl] : type ==> jpeg
[2021/02/26-21:16:02] [http-nio-9000-exec-1] [INFO ] [net.sjw.blog.service.impl.ImageServiceImpl] : get image target path ==> D:\czy_blog_system_images\2021_02_26\jpeg\1365288353699725312.jpeg
[2021/02/26-21:16:13] [http-nio-9000-exec-9] [INFO ] [net.sjw.blog.service.impl.ImageServiceImpl] : type ==> jpeg
[2021/02/26-21:16:13] [http-nio-9000-exec-9] [INFO ] [net.sjw.blog.service.impl.ImageServiceImpl] : get image target path ==> D:\czy_blog_system_images\2021_02_26\jpeg\1365288353699725312.jpeg
[2021/02/26-21:27:24] [http-nio-9000-exec-7] [INFO ] [net.sjw.blog.service.impl.ImageServiceImpl] : type ==> jpeg
[2021/02/26-21:27:24] [http-nio-9000-exec-7] [INFO ] [net.sjw.blog.service.impl.ImageServiceImpl] : get image target path ==> D:\czy_blog_system_images\2021_02_26\jpeg\1365288353699725312.jpeg
[2021/02/26-21:27:33] [http-nio-9000-exec-5] [INFO ] [net.sjw.blog.service.impl.ImageServiceImpl] : type ==> jpeg
[2021/02/26-21:27:33] [http-nio-9000-exec-5] [INFO ] [net.sjw.blog.service.impl.ImageServiceImpl] : get image target path ==> D:\czy_blog_system_images\2021_02_26\jpeg\1365288353699725312.jpeg
[2021/02/26-21:27:34] [http-nio-9000-exec-10] [INFO ] [net.sjw.blog.service.impl.ImageServiceImpl] : type ==> jpeg
[2021/02/26-21:27:34] [http-nio-9000-exec-10] [INFO ] [net.sjw.blog.service.impl.ImageServiceImpl] : get image target path ==> D:\czy_blog_system_images\2021_02_26\jpeg\1365288353699725312.jpeg
[2021/02/26-21:27:47] [http-nio-9000-exec-6] [INFO ] [net.sjw.blog.service.impl.ImageServiceImpl] : type ==> jpeg
[2021/02/26-21:27:47] [http-nio-9000-exec-6] [INFO ] [net.sjw.blog.service.impl.ImageServiceImpl] : get image target path ==> D:\czy_blog_system_images\2021_02_26\jpeg\1365288353699725312.jpeg
[2021/02/26-21:33:04] [http-nio-9000-exec-4] [INFO ] [net.sjw.blog.service.impl.ImageServiceImpl] : type ==> jpeg
[2021/02/26-21:33:04] [http-nio-9000-exec-4] [INFO ] [net.sjw.blog.service.impl.ImageServiceImpl] : get image target path ==> D:\czy_blog_system_images\2021_02_26\jpeg\1365288353699725312.jpeg
[2021/02/26-21:33:05] [http-nio-9000-exec-2] [INFO ] [net.sjw.blog.service.impl.ImageServiceImpl] : type ==> jpeg
[2021/02/26-21:33:05] [http-nio-9000-exec-2] [INFO ] [net.sjw.blog.service.impl.ImageServiceImpl] : get image target path ==> D:\czy_blog_system_images\2021_02_26\jpeg\1365288353699725312.jpeg
[2021/02/26-21:55:17] [http-nio-9000-exec-9] [INFO ] [net.sjw.blog.service.impl.UserServiceImpl] : checkUser(不为空) ==> User(id=1340309806199713794, userName=czy, password=null, roles=role_admin, avatar=http://localhost:9000/portal/image/1610317865153_1348396973538934784.jpeg, email=1183728554@qq.com, sign=试试修改签名, state=null, regIp=null, loginIp=null, createTime=null, updateTime=null)
[2021/02/26-21:55:18] [http-nio-9000-exec-9] [INFO ] [net.sjw.blog.service.impl.UserServiceImpl] : 17.2%
